2011.04.21 13:42 B C:\Downloads\brweb\sources\fonts\_A______.PFB --> ticket2ryder.com /sources/fonts _A______.PFB
2011.04.21 13:42 B C:\Downloads\brweb\sources\fonts\_A______.PFM --> ticket2ryder.com /sources/fonts _A______.PFM
2011.04.21 13:42 B C:\Downloads\brweb\sources\fonts\_AB_____.PFB --> ticket2ryder.com /sources/fonts _AB_____.PFB
2011.04.21 13:42 B C:\Downloads\brweb\sources\fonts\_AB_____.PFM --> ticket2ryder.com /sources/fonts _AB_____.PFM
2011.04.21 13:42 B C:\Downloads\brweb\sources\fonts\_ABI____.PFB --> ticket2ryder.com /sources/fonts _ABI____.PFB
2011.04.21 13:42 B C:\Downloads\brweb\sources\fonts\_ABI____.PFM --> ticket2ryder.com /sources/fonts _ABI____.PFM
2011.04.21 13:42 B C:\Downloads\brweb\sources\fonts\_AI_____.PFB --> ticket2ryder.com /sources/fonts _AI_____.PFB
2011.04.21 13:42 B C:\Downloads\brweb\sources\fonts\_AI_____.PFM --> ticket2ryder.com /sources/fonts _AI_____.PFM
2011.04.21 13:42 B C:\Downloads\brweb\sources\fonts\festus__.ttf --> ticket2ryder.com /sources/fonts festus__.ttf
2011.04.21 13:42 B C:\Downloads\brweb\sources\fonts\FRS45__C.PFB --> ticket2ryder.com /sources/fonts FRS45__C.PFB
2011.04.21 13:42 B C:\Downloads\brweb\sources\fonts\FRS45__C.PFM --> ticket2ryder.com /sources/fonts FRS45__C.PFM
2011.04.21 13:42 B C:\Downloads\brweb\sources\fonts\FRS65__C.PFB --> ticket2ryder.com /sources/fonts FRS65__C.PFB
2011.04.21 13:42 B C:\Downloads\brweb\sources\fonts\FRS65__C.PFM --> ticket2ryder.com /sources/fonts FRS65__C.PFM
2011.04.21 13:42 B C:\Downloads\brweb\sources\fonts\index.html --> ticket2ryder.com /sources/fonts index.html
2011.04.21 13:42 B C:\Downloads\brweb\sources\fonts\PTFREESC.PFB --> ticket2ryder.com /sources/fonts PTFREESC.PFB
2011.04.21 13:42 B C:\Downloads\brweb\sources\fonts\PTFREESC.pfm --> ticket2ryder.com /sources/fonts PTFREESC.pfm
2011.04.21 13:42 B C:\Downloads\brweb\sources\fonts\PTFRES01.PFB --> ticket2ryder.com /sources/fonts PTFRES01.PFB
2011.04.21 13:42 B C:\Downloads\brweb\sources\fonts\PTFRES01.pfm --> ticket2ryder.com /sources/fonts PTFRES01.pfm
2011.04.21 13:42 B C:\Downloads\brweb\sources\fonts\STAN0755.TTF --> ticket2ryder.com /sources/fonts STAN0755.TTF
2011.04.21 13:42 B C:\Downloads\brweb\sources\fonts\Swz721l.PFB --> ticket2ryder.com /sources/fonts Swz721l.PFB
2011.04.21 13:42 B C:\Downloads\brweb\sources\fonts\Swz721l.pfm --> ticket2ryder.com /sources/fonts Swz721l.pfm
2011.04.21 13:42 B C:\Downloads\brweb\sources\fonts\Swz721l.ttf --> ticket2ryder.com /sources/fonts Swz721l.ttf
2011.04.21 13:42 B C:\Downloads\brweb\sources\fonts\Swz721li.PFB --> ticket2ryder.com /sources/fonts Swz721li.PFB
2011.04.21 13:42 B C:\Downloads\brweb\sources\fonts\Swz721li.pfm --> ticket2ryder.com /sources/fonts Swz721li.pfm
2011.04.21 13:42 B C:\Downloads\brweb\sources\fonts\Swz721li.ttf --> ticket2ryder.com /sources/fonts Swz721li.ttf
2011.04.25 16:59 B C:\Downloads\mbrweb\sources\fonts\_A______.PFB --> ticket2ryder.com /mbrweb/sources/fonts _A______.PFB
2011.04.25 16:59 B C:\Downloads\mbrweb\sources\fonts\_A______.PFM --> ticket2ryder.com /mbrweb/sources/fonts _A______.PFM
2011.04.25 16:59 B C:\Downloads\mbrweb\sources\fonts\_AB_____.PFB --> ticket2ryder.com /mbrweb/sources/fonts _AB_____.PFB
2011.04.25 16:59 B C:\Downloads\mbrweb\sources\fonts\_AB_____.PFM --> ticket2ryder.com /mbrweb/sources/fonts _AB_____.PFM
2011.04.25 16:59 B C:\Downloads\mbrweb\sources\fonts\_ABI____.PFB --> ticket2ryder.com /mbrweb/sources/fonts _ABI____.PFB
2011.04.25 16:59 B C:\Downloads\mbrweb\sources\fonts\_ABI____.PFM --> ticket2ryder.com /mbrweb/sources/fonts _ABI____.PFM
2011.04.25 16:59 B C:\Downloads\mbrweb\sources\fonts\_AI_____.PFB --> ticket2ryder.com /mbrweb/sources/fonts _AI_____.PFB
2011.04.25 16:59 B C:\Downloads\mbrweb\sources\fonts\_AI_____.PFM --> ticket2ryder.com /mbrweb/sources/fonts _AI_____.PFM
2011.04.25 16:59 B C:\Downloads\mbrweb\sources\fonts\festus__.ttf --> ticket2ryder.com /mbrweb/sources/fonts festus__.ttf
2011.04.25 16:59 B C:\Downloads\mbrweb\sources\fonts\FRS45__C.PFB --> ticket2ryder.com /mbrweb/sources/fonts FRS45__C.PFB
2011.04.25 16:59 B C:\Downloads\mbrweb\sources\fonts\FRS45__C.PFM --> ticket2ryder.com /mbrweb/sources/fonts FRS45__C.PFM
2011.04.25 16:59 B C:\Downloads\mbrweb\sources\fonts\FRS65__C.PFB --> ticket2ryder.com /mbrweb/sources/fonts FRS65__C.PFB
2011.04.25 16:59 B C:\Downloads\mbrweb\sources\fonts\FRS65__C.PFM --> ticket2ryder.com /mbrweb/sources/fonts FRS65__C.PFM
2011.04.25 16:59 B C:\Downloads\mbrweb\sources\fonts\index.html --> ticket2ryder.com /mbrweb/sources/fonts index.html
2011.04.25 16:59 B C:\Downloads\mbrweb\sources\fonts\PTFREESC.PFB --> ticket2ryder.com /mbrweb/sources/fonts PTFREESC.PFB
2011.04.25 16:59 B C:\Downloads\mbrweb\sources\fonts\PTFREESC.pfm --> ticket2ryder.com /mbrweb/sources/fonts PTFREESC.pfm
2011.04.25 16:59 B C:\Downloads\mbrweb\sources\fonts\PTFRES01.PFB --> ticket2ryder.com /mbrweb/sources/fonts PTFRES01.PFB
2011.04.25 16:59 B C:\Downloads\mbrweb\sources\fonts\PTFRES01.pfm --> ticket2ryder.com /mbrweb/sources/fonts PTFRES01.pfm
2011.04.25 16:59 B C:\Downloads\mbrweb\sources\fonts\STAN0755.TTF --> ticket2ryder.com /mbrweb/sources/fonts STAN0755.TTF
2011.04.25 16:59 B C:\Downloads\mbrweb\sources\fonts\Swz721l.PFB --> ticket2ryder.com /mbrweb/sources/fonts Swz721l.PFB
2011.04.25 16:59 B C:\Downloads\mbrweb\sources\fonts\Swz721l.pfm --> ticket2ryder.com /mbrweb/sources/fonts Swz721l.pfm
2011.04.25 16:59 B C:\Downloads\mbrweb\sources\fonts\Swz721l.ttf --> ticket2ryder.com /mbrweb/sources/fonts Swz721l.ttf
2011.04.25 16:59 B C:\Downloads\mbrweb\sources\fonts\Swz721li.PFB --> ticket2ryder.com /mbrweb/sources/fonts Swz721li.PFB
2011.04.25 16:59 B C:\Downloads\mbrweb\sources\fonts\Swz721li.pfm --> ticket2ryder.com /mbrweb/sources/fonts Swz721li.pfm
2011.04.25 16:59 B C:\Downloads\mbrweb\sources\fonts\Swz721li.ttf --> ticket2ryder.com /mbrweb/sources/fonts Swz721li.ttf
