2011.04.16 17:35 B C:\Downloads\brweb\site\js\cufon-replace.js --> ticket2ryder.com /site/js cufon-replace.js
2011.04.16 17:35 B C:\Downloads\brweb\site\js\cufon-yui.js --> ticket2ryder.com /site/js cufon-yui.js
2011.04.16 17:35 B C:\Downloads\brweb\site\js\FreeSetC_400.font.js --> ticket2ryder.com /site/js FreeSetC_400.font.js
2011.04.16 17:35 B C:\Downloads\brweb\site\js\jquery-1.4.2.min.js --> ticket2ryder.com /site/js jquery-1.4.2.min.js
2011.04.16 17:35 B C:\Downloads\brweb\site\js\jquery.infinite-carousel.js --> ticket2ryder.com /site/js jquery.infinite-carousel.js
2011.04.16 17:35 B C:\Downloads\brweb\site\js\jScrollPane.js --> ticket2ryder.com /site/js jScrollPane.js
2011.04.16 17:35 B C:\Downloads\brweb\site\js\script.js --> ticket2ryder.com /site/js script.js
2011.04.21 12:30 B C:\Downloads\brweb\site\js\cufon-replace.js --> ticket2ryder.com /js cufon-replace.js
2011.04.21 12:30 B C:\Downloads\brweb\site\js\cufon-yui.js --> ticket2ryder.com /js cufon-yui.js
2011.04.21 12:30 B C:\Downloads\brweb\site\js\FreeSetC_400.font.js --> ticket2ryder.com /js FreeSetC_400.font.js
2011.04.21 12:30 B C:\Downloads\brweb\site\js\jquery-1.4.2.min.js --> ticket2ryder.com /js jquery-1.4.2.min.js
2011.04.21 12:30 B C:\Downloads\brweb\site\js\jquery.infinite-carousel.js --> ticket2ryder.com /js jquery.infinite-carousel.js
2011.04.21 12:30 B C:\Downloads\brweb\site\js\jScrollPane.js --> ticket2ryder.com /js jScrollPane.js
2011.04.21 12:30 B C:\Downloads\brweb\site\js\script.js --> ticket2ryder.com /js script.js
2011.04.21 12:30 B C:\Downloads\brweb\site\js\WS_FTP.LOG --> ticket2ryder.com /js WS_FTP.LOG
2011.04.21 14:38 B C:\Downloads\brweb\site\js\cufon-replace.js --> brandilynnryder.com /js cufon-replace.js
2011.04.21 14:38 B C:\Downloads\brweb\site\js\cufon-yui.js --> brandilynnryder.com /js cufon-yui.js
2011.04.21 14:38 B C:\Downloads\brweb\site\js\FreeSetC_400.font.js --> brandilynnryder.com /js FreeSetC_400.font.js
2011.04.21 14:38 B C:\Downloads\brweb\site\js\jquery-1.4.2.min.js --> brandilynnryder.com /js jquery-1.4.2.min.js
2011.04.21 14:38 B C:\Downloads\brweb\site\js\jquery.infinite-carousel.js --> brandilynnryder.com /js jquery.infinite-carousel.js
2011.04.21 14:38 B C:\Downloads\brweb\site\js\jScrollPane.js --> brandilynnryder.com /js jScrollPane.js
2011.04.21 14:38 B C:\Downloads\brweb\site\js\script.js --> brandilynnryder.com /js script.js
2011.04.21 14:38 B C:\Downloads\brweb\site\js\WS_FTP.LOG --> brandilynnryder.com /js WS_FTP.LOG
2011.04.21 16:54 B C:\Downloads\brweb\site\js\sendresp.php --> ticket2ryder.com /brweb/js sendresp.php
2011.04.21 17:14 B C:\Downloads\brweb\site\js\sendresp.php --> ticket2ryder.com /brweb/js sendresp.php
2011.04.21 17:27 B C:\Downloads\brweb\site\js\sendresp.php --> brandilynnryder.com /js sendresp.php
2011.04.21 17:29 B C:\Downloads\brweb\site\js\sendresp.php --> brandilynnryder.com /js sendresp.php
2011.04.21 19:26 B C:\Downloads\brweb\site\js\sendresp.php --> brandilynnryder.com /js sendresp.php
2011.04.22 09:00 B C:\Downloads\brweb\site\js\sendresp.php --> ticket2ryder.com /brweb/js sendresp.php
2011.04.22 09:29 B C:\Downloads\brweb\site\js\sendresp.php --> ticket2ryder.com /brweb/js sendresp.php
2011.04.22 09:30 B C:\Downloads\brweb\site\js\sendresp.php --> ticket2ryder.com /brweb/js sendresp.php
2011.04.22 09:34 B C:\Downloads\brweb\site\js\sendresp.php --> ticket2ryder.com /brweb/js sendresp.php
2011.04.22 09:37 B C:\Downloads\brweb\site\js\sendresp.php --> brandilynnryder.com /js sendresp.php
2011.04.22 09:38 B C:\Downloads\brweb\site\js\sendresp.php --> brandilynnryder.com /js sendresp.php
2011.04.22 09:43 B C:\Downloads\brweb\site\js\sendresp.php --> brandilynnryder.com /js sendresp.php
2011.04.22 09:44 B C:\Downloads\brweb\site\js\sendresp.php --> brandilynnryder.com /js sendresp.php
2011.04.22 09:44 B C:\Downloads\brweb\site\js\sendresp.php --> brandilynnryder.com /js sendresp.php
2011.04.22 09:48 B C:\Downloads\brweb\site\js\sendresp.php --> ticket2ryder.com /brweb/js sendresp.php
2011.04.22 09:53 B C:\Downloads\brweb\site\js\sendresp.php --> ticket2ryder.com /brweb/js sendresp.php
2011.04.22 10:00 B C:\Downloads\brweb\site\js\sendresp.php --> ticket2ryder.com /brweb/js sendresp.php
2011.04.22 10:07 B C:\Downloads\brweb\site\js\sendresp.php --> brandilynnryder.com /js sendresp.php
2011.04.22 10:08 B C:\Downloads\brweb\site\js\sendresp.php --> brandilynnryder.com /js sendresp.php
2011.04.22 10:17 B C:\Downloads\brweb\site\js\sendresp.php --> brandilynnryder.com /js sendresp.php
2011.04.22 10:18 B C:\Downloads\brweb\site\js\sendresp.php --> brandilynnryder.com /js sendresp.php
2011.04.22 10:19 B C:\Downloads\brweb\site\js\sendresp.php --> brandilynnryder.com /js sendresp.php
2011.04.22 10:27 B C:\Downloads\brweb\site\js\sendresp.php --> brandilynnryder.com /js sendresp.php
2011.04.22 10:33 B C:\Downloads\brweb\site\js\sendresp.php --> brandilynnryder.com /js sendresp.php
2011.04.22 10:36 B C:\Downloads\brweb\site\js\sendresp.php --> brandilynnryder.com /js sendresp.php
2011.04.22 10:39 B C:\Downloads\brweb\site\js\sendresp.php --> brandilynnryder.com /js sendresp.php
2011.04.22 10:44 B C:\Downloads\brweb\site\js\sendresp.php --> brandilynnryder.com /js sendresp.php
2011.04.22 10:49 B C:\Downloads\brweb\site\js\sendresp.php --> brandilynnryder.com /js sendresp.php
2011.04.22 10:51 B C:\Downloads\brweb\site\js\sendresp.php --> brandilynnryder.com /js sendresp.php
2011.04.22 10:52 B C:\Downloads\brweb\site\js\sendresp.php --> brandilynnryder.com /js sendresp.php
2011.04.22 10:54 B C:\Downloads\brweb\site\js\sendresp.php --> brandilynnryder.com /js sendresp.php
2011.04.22 10:56 B C:\Downloads\brweb\site\js\sendresp.php --> ticket2ryder.com /brweb/js sendresp.php
2011.04.25 16:57 B C:\Downloads\mbrweb\site\js\cufon-replace.js --> ticket2ryder.com /mbrweb/site/js cufon-replace.js
2011.04.25 16:57 B C:\Downloads\mbrweb\site\js\cufon-yui.js --> ticket2ryder.com /mbrweb/site/js cufon-yui.js
2011.04.25 16:57 B C:\Downloads\mbrweb\site\js\FreeSetC_400.font.js --> ticket2ryder.com /mbrweb/site/js FreeSetC_400.font.js
2011.04.25 16:57 B C:\Downloads\mbrweb\site\js\jquery-1.4.2.min.js --> ticket2ryder.com /mbrweb/site/js jquery-1.4.2.min.js
2011.04.25 16:57 B C:\Downloads\mbrweb\site\js\jquery.infinite-carousel.js --> ticket2ryder.com /mbrweb/site/js jquery.infinite-carousel.js
2011.04.25 16:57 B C:\Downloads\mbrweb\site\js\jScrollPane.js --> ticket2ryder.com /mbrweb/site/js jScrollPane.js
2011.04.25 16:57 B C:\Downloads\mbrweb\site\js\script.js --> ticket2ryder.com /mbrweb/site/js script.js
2011.04.25 16:57 B C:\Downloads\mbrweb\site\js\sendresp.php --> ticket2ryder.com /mbrweb/site/js sendresp.php
