2011.04.16 17:34 B C:\Downloads\brweb\site\images\1-sprite.jpg --> ticket2ryder.com /site/images 1-sprite.jpg
2011.04.16 17:34 B C:\Downloads\brweb\site\images\1.jpg --> ticket2ryder.com /site/images 1.jpg
2011.04.16 17:34 B C:\Downloads\brweb\site\images\11-sprite.jpg --> ticket2ryder.com /site/images 11-sprite.jpg
2011.04.16 17:34 B C:\Downloads\brweb\site\images\11.jpg --> ticket2ryder.com /site/images 11.jpg
2011.04.16 17:34 B C:\Downloads\brweb\site\images\13-sprite.jpg --> ticket2ryder.com /site/images 13-sprite.jpg
2011.04.16 17:34 B C:\Downloads\brweb\site\images\13.jpg --> ticket2ryder.com /site/images 13.jpg
2011.04.16 17:34 B C:\Downloads\brweb\site\images\15-sprite.jpg --> ticket2ryder.com /site/images 15-sprite.jpg
2011.04.16 17:34 B C:\Downloads\brweb\site\images\15.jpg --> ticket2ryder.com /site/images 15.jpg
2011.04.16 17:34 B C:\Downloads\brweb\site\images\17-sprite.jpg --> ticket2ryder.com /site/images 17-sprite.jpg
2011.04.16 17:34 B C:\Downloads\brweb\site\images\17.jpg --> ticket2ryder.com /site/images 17.jpg
2011.04.16 17:34 B C:\Downloads\brweb\site\images\19-sprite.jpg --> ticket2ryder.com /site/images 19-sprite.jpg
2011.04.16 17:34 B C:\Downloads\brweb\site\images\19.jpg --> ticket2ryder.com /site/images 19.jpg
2011.04.16 17:34 B C:\Downloads\brweb\site\images\1page-img1.jpg --> ticket2ryder.com /site/images 1page-img1.jpg
2011.04.16 17:34 B C:\Downloads\brweb\site\images\1page-img2.jpg --> ticket2ryder.com /site/images 1page-img2.jpg
2011.04.16 17:34 B C:\Downloads\brweb\site\images\21-sprite.jpg --> ticket2ryder.com /site/images 21-sprite.jpg
2011.04.16 17:34 B C:\Downloads\brweb\site\images\23-sprite.jpg --> ticket2ryder.com /site/images 23-sprite.jpg
2011.04.16 17:34 B C:\Downloads\brweb\site\images\23.jpg --> ticket2ryder.com /site/images 23.jpg
2011.04.16 17:34 B C:\Downloads\brweb\site\images\25-sprite.jpg --> ticket2ryder.com /site/images 25-sprite.jpg
2011.04.16 17:34 B C:\Downloads\brweb\site\images\25.jpg --> ticket2ryder.com /site/images 25.jpg
2011.04.16 17:34 B C:\Downloads\brweb\site\images\27-sprite.jpg --> ticket2ryder.com /site/images 27-sprite.jpg
2011.04.16 17:34 B C:\Downloads\brweb\site\images\27.jpg --> ticket2ryder.com /site/images 27.jpg
2011.04.16 17:34 B C:\Downloads\brweb\site\images\29-sprite.jpg --> ticket2ryder.com /site/images 29-sprite.jpg
2011.04.16 17:34 B C:\Downloads\brweb\site\images\29.jpg --> ticket2ryder.com /site/images 29.jpg
2011.04.16 17:34 B C:\Downloads\brweb\site\images\2page-img1.jpg --> ticket2ryder.com /site/images 2page-img1.jpg
2011.04.16 17:34 B C:\Downloads\brweb\site\images\2page-img2.jpg --> ticket2ryder.com /site/images 2page-img2.jpg
2011.04.16 17:34 B C:\Downloads\brweb\site\images\3-sprite.jpg --> ticket2ryder.com /site/images 3-sprite.jpg
2011.04.16 17:34 B C:\Downloads\brweb\site\images\31-sprite.jpg --> ticket2ryder.com /site/images 31-sprite.jpg
2011.04.16 17:34 B C:\Downloads\brweb\site\images\31.jpg --> ticket2ryder.com /site/images 31.jpg
2011.04.16 17:35 B C:\Downloads\brweb\site\images\33-sprite.jpg --> ticket2ryder.com /site/images 33-sprite.jpg
2011.04.16 17:35 B C:\Downloads\brweb\site\images\33.jpg --> ticket2ryder.com /site/images 33.jpg
2011.04.16 17:35 B C:\Downloads\brweb\site\images\35-sprite.jpg --> ticket2ryder.com /site/images 35-sprite.jpg
2011.04.16 17:35 B C:\Downloads\brweb\site\images\35.jpg --> ticket2ryder.com /site/images 35.jpg
2011.04.16 17:35 B C:\Downloads\brweb\site\images\37-sprite.jpg --> ticket2ryder.com /site/images 37-sprite.jpg
2011.04.16 17:35 B C:\Downloads\brweb\site\images\37.jpg --> ticket2ryder.com /site/images 37.jpg
2011.04.16 17:35 B C:\Downloads\brweb\site\images\39-sprite.jpg --> ticket2ryder.com /site/images 39-sprite.jpg
2011.04.16 17:35 B C:\Downloads\brweb\site\images\39.jpg --> ticket2ryder.com /site/images 39.jpg
2011.04.16 17:35 B C:\Downloads\brweb\site\images\3page-img1.jpg --> ticket2ryder.com /site/images 3page-img1.jpg
2011.04.16 17:35 B C:\Downloads\brweb\site\images\3page-img2.jpg --> ticket2ryder.com /site/images 3page-img2.jpg
2011.04.16 17:35 B C:\Downloads\brweb\site\images\3page-img3.jpg --> ticket2ryder.com /site/images 3page-img3.jpg
2011.04.16 17:35 B C:\Downloads\brweb\site\images\3page-img4.jpg --> ticket2ryder.com /site/images 3page-img4.jpg
2011.04.16 17:35 B C:\Downloads\brweb\site\images\41-sprite.jpg --> ticket2ryder.com /site/images 41-sprite.jpg
2011.04.16 17:35 B C:\Downloads\brweb\site\images\41.jpg --> ticket2ryder.com /site/images 41.jpg
2011.04.16 17:35 B C:\Downloads\brweb\site\images\42-sprite.jpg --> ticket2ryder.com /site/images 42-sprite.jpg
2011.04.16 17:35 B C:\Downloads\brweb\site\images\42.jpg --> ticket2ryder.com /site/images 42.jpg
2011.04.16 17:35 B C:\Downloads\brweb\site\images\43-sprite.jpg --> ticket2ryder.com /site/images 43-sprite.jpg
2011.04.16 17:35 B C:\Downloads\brweb\site\images\43.jpg --> ticket2ryder.com /site/images 43.jpg
2011.04.16 17:35 B C:\Downloads\brweb\site\images\46-sprite.jpg --> ticket2ryder.com /site/images 46-sprite.jpg
2011.04.16 17:35 B C:\Downloads\brweb\site\images\46.jpg --> ticket2ryder.com /site/images 46.jpg
2011.04.16 17:35 B C:\Downloads\brweb\site\images\47-sprite.jpg --> ticket2ryder.com /site/images 47-sprite.jpg
2011.04.16 17:35 B C:\Downloads\brweb\site\images\47.jpg --> ticket2ryder.com /site/images 47.jpg
2011.04.16 17:35 B C:\Downloads\brweb\site\images\49-sprite.jpg --> ticket2ryder.com /site/images 49-sprite.jpg
2011.04.16 17:35 B C:\Downloads\brweb\site\images\49.jpg --> ticket2ryder.com /site/images 49.jpg
2011.04.16 17:35 B C:\Downloads\brweb\site\images\4page-img1.jpg --> ticket2ryder.com /site/images 4page-img1.jpg
2011.04.16 17:35 B C:\Downloads\brweb\site\images\4page-img2.jpg --> ticket2ryder.com /site/images 4page-img2.jpg
2011.04.16 17:35 B C:\Downloads\brweb\site\images\5-sprite.jpg --> ticket2ryder.com /site/images 5-sprite.jpg
2011.04.16 17:35 B C:\Downloads\brweb\site\images\5.jpg --> ticket2ryder.com /site/images 5.jpg
2011.04.16 17:35 B C:\Downloads\brweb\site\images\5page-img1.jpg --> ticket2ryder.com /site/images 5page-img1.jpg
2011.04.16 17:35 B C:\Downloads\brweb\site\images\5page-img2.jpg --> ticket2ryder.com /site/images 5page-img2.jpg
2011.04.16 17:35 B C:\Downloads\brweb\site\images\6page-img1.jpg --> ticket2ryder.com /site/images 6page-img1.jpg
2011.04.16 17:35 B C:\Downloads\brweb\site\images\6page-img2.jpg --> ticket2ryder.com /site/images 6page-img2.jpg
2011.04.16 17:35 B C:\Downloads\brweb\site\images\6page-img3.jpg --> ticket2ryder.com /site/images 6page-img3.jpg
2011.04.16 17:35 B C:\Downloads\brweb\site\images\7-sprite.jpg --> ticket2ryder.com /site/images 7-sprite.jpg
2011.04.16 17:35 B C:\Downloads\brweb\site\images\7.jpg --> ticket2ryder.com /site/images 7.jpg
2011.04.16 17:35 B C:\Downloads\brweb\site\images\7page-img1.jpg --> ticket2ryder.com /site/images 7page-img1.jpg
2011.04.16 17:35 B C:\Downloads\brweb\site\images\9-sprite.jpg --> ticket2ryder.com /site/images 9-sprite.jpg
2011.04.16 17:35 B C:\Downloads\brweb\site\images\9.jpg --> ticket2ryder.com /site/images 9.jpg
2011.04.16 17:35 B C:\Downloads\brweb\site\images\arrow1.gif --> ticket2ryder.com /site/images arrow1.gif
2011.04.16 17:35 B C:\Downloads\brweb\site\images\brandi.jpg --> ticket2ryder.com /site/images brandi.jpg
2011.04.16 17:35 B C:\Downloads\brweb\site\images\collector-bw.jpg --> ticket2ryder.com /site/images collector-bw.jpg
2011.04.16 17:35 B C:\Downloads\brweb\site\images\collector-x-bw.jpg --> ticket2ryder.com /site/images collector-x-bw.jpg
2011.04.16 17:35 B C:\Downloads\brweb\site\images\collector-x.jpg --> ticket2ryder.com /site/images collector-x.jpg
2011.04.16 17:35 B C:\Downloads\brweb\site\images\collector.jpg --> ticket2ryder.com /site/images collector.jpg
2011.04.16 17:35 B C:\Downloads\brweb\site\images\content-bg.jpg --> ticket2ryder.com /site/images content-bg.jpg
2011.04.16 17:35 B C:\Downloads\brweb\site\images\cover.jpg --> ticket2ryder.com /site/images cover.jpg
2011.04.16 17:35 B C:\Downloads\brweb\site\images\drag.gif --> ticket2ryder.com /site/images drag.gif
2011.04.16 17:35 B C:\Downloads\brweb\site\images\footer-bg.gif --> ticket2ryder.com /site/images footer-bg.gif
2011.04.16 17:35 B C:\Downloads\brweb\site\images\footer-logo.gif --> ticket2ryder.com /site/images footer-logo.gif
2011.04.16 17:35 B C:\Downloads\brweb\site\images\frame-1.jpg --> ticket2ryder.com /site/images frame-1.jpg
2011.04.16 17:35 B C:\Downloads\brweb\site\images\frame-2.jpg --> ticket2ryder.com /site/images frame-2.jpg
2011.04.16 17:35 B C:\Downloads\brweb\site\images\frame-test.jpg --> ticket2ryder.com /site/images frame-test.jpg
2011.04.16 17:35 B C:\Downloads\brweb\site\images\frame-x-sprite.jpg --> ticket2ryder.com /site/images frame-x-sprite.jpg
2011.04.16 17:35 B C:\Downloads\brweb\site\images\front.jpg --> ticket2ryder.com /site/images front.jpg
2011.04.16 17:35 B C:\Downloads\brweb\site\images\gallery.jpg --> ticket2ryder.com /site/images gallery.jpg
2011.04.16 17:35 B C:\Downloads\brweb\site\images\header-bg.jpg --> ticket2ryder.com /site/images header-bg.jpg
2011.04.16 17:35 B C:\Downloads\brweb\site\images\icon-facebook-alt.gif --> ticket2ryder.com /site/images icon-facebook-alt.gif
2011.04.16 17:35 B C:\Downloads\brweb\site\images\icon-facebook.jpg --> ticket2ryder.com /site/images icon-facebook.jpg
2011.04.16 17:35 B C:\Downloads\brweb\site\images\icon-flickr.jpg --> ticket2ryder.com /site/images icon-flickr.jpg
2011.04.16 17:35 B C:\Downloads\brweb\site\images\icon-rss-alt.gif --> ticket2ryder.com /site/images icon-rss-alt.gif
2011.04.16 17:35 B C:\Downloads\brweb\site\images\icon-tech.jpg --> ticket2ryder.com /site/images icon-tech.jpg
2011.04.16 17:35 B C:\Downloads\brweb\site\images\icon-twitter-alt.gif --> ticket2ryder.com /site/images icon-twitter-alt.gif
2011.04.16 17:35 B C:\Downloads\brweb\site\images\icon-twitter.jpg --> ticket2ryder.com /site/images icon-twitter.jpg
2011.04.16 17:35 B C:\Downloads\brweb\site\images\link1-bg.gif --> ticket2ryder.com /site/images link1-bg.gif
2011.04.16 17:35 B C:\Downloads\brweb\site\images\link1-left.gif --> ticket2ryder.com /site/images link1-left.gif
2011.04.16 17:35 B C:\Downloads\brweb\site\images\link1-right.gif --> ticket2ryder.com /site/images link1-right.gif
2011.04.16 17:35 B C:\Downloads\brweb\site\images\logo.gif --> ticket2ryder.com /site/images logo.gif
2011.04.16 17:35 B C:\Downloads\brweb\site\images\main-bg.jpg --> ticket2ryder.com /site/images main-bg.jpg
2011.04.16 17:35 B C:\Downloads\brweb\site\images\nav-bg.gif --> ticket2ryder.com /site/images nav-bg.gif
2011.04.16 17:35 B C:\Downloads\brweb\site\images\next-act.gif --> ticket2ryder.com /site/images next-act.gif
2011.04.16 17:35 B C:\Downloads\brweb\site\images\next-sprite.gif --> ticket2ryder.com /site/images next-sprite.gif
2011.04.16 17:35 B C:\Downloads\brweb\site\images\prev-sprite.gif --> ticket2ryder.com /site/images prev-sprite.gif
2011.04.16 17:35 B C:\Downloads\brweb\site\images\prev.gif --> ticket2ryder.com /site/images prev.gif
2011.04.16 17:35 B C:\Downloads\brweb\site\images\preview1-act.jpg --> ticket2ryder.com /site/images preview1-act.jpg
2011.04.16 17:35 B C:\Downloads\brweb\site\images\preview1.jpg --> ticket2ryder.com /site/images preview1.jpg
2011.04.16 17:35 B C:\Downloads\brweb\site\images\preview2-actx.jpg --> ticket2ryder.com /site/images preview2-actx.jpg
2011.04.16 17:35 B C:\Downloads\brweb\site\images\preview2x.jpg --> ticket2ryder.com /site/images preview2x.jpg
2011.04.16 17:35 B C:\Downloads\brweb\site\images\preview3-act.jpg --> ticket2ryder.com /site/images preview3-act.jpg
2011.04.16 17:35 B C:\Downloads\brweb\site\images\preview3.jpg --> ticket2ryder.com /site/images preview3.jpg
2011.04.16 17:35 B C:\Downloads\brweb\site\images\preview4-act.jpg --> ticket2ryder.com /site/images preview4-act.jpg
2011.04.16 17:35 B C:\Downloads\brweb\site\images\preview4-sprite.jpg --> ticket2ryder.com /site/images preview4-sprite.jpg
2011.04.16 17:35 B C:\Downloads\brweb\site\images\preview4.jpg --> ticket2ryder.com /site/images preview4.jpg
2011.04.16 17:35 B C:\Downloads\brweb\site\images\scroll.gif --> ticket2ryder.com /site/images scroll.gif
2011.04.16 17:35 B C:\Downloads\brweb\site\images\slider-bg.jpg --> ticket2ryder.com /site/images slider-bg.jpg
2011.04.16 17:35 B C:\Downloads\brweb\site\images\sm-logo1.gif --> ticket2ryder.com /site/images sm-logo1.gif
2011.04.16 17:35 B C:\Downloads\brweb\site\images\sm-logo2.gif --> ticket2ryder.com /site/images sm-logo2.gif
2011.04.16 17:35 B C:\Downloads\brweb\site\images\sm-logo3.gif --> ticket2ryder.com /site/images sm-logo3.gif
2011.04.16 17:35 B C:\Downloads\brweb\site\images\sm-logo4.gif --> ticket2ryder.com /site/images sm-logo4.gif
2011.04.16 17:35 B C:\Downloads\brweb\site\images\sm-logo5.gif --> ticket2ryder.com /site/images sm-logo5.gif
2011.04.17 09:18 B C:\Downloads\brweb\site\images\cover.jpg --> ticket2ryder.com /brweb/images cover.jpg
2011.04.17 09:32 B C:\Downloads\brweb\site\images\1a-sprite.jpg --> ticket2ryder.com /brweb/images 1a-sprite.jpg
2011.04.17 09:32 B C:\Downloads\brweb\site\images\arrow1.gif --> ticket2ryder.com /brweb/images arrow1.gif
2011.04.17 09:32 B C:\Downloads\brweb\site\images\drag.gif --> ticket2ryder.com /brweb/images drag.gif
2011.04.17 09:32 B C:\Downloads\brweb\site\images\logo.gif --> ticket2ryder.com /brweb/images logo.gif
2011.04.17 09:32 B C:\Downloads\brweb\site\images\nav-bg.gif --> ticket2ryder.com /brweb/images nav-bg.gif
2011.04.17 09:32 B C:\Downloads\brweb\site\images\next-act.gif --> ticket2ryder.com /brweb/images next-act.gif
2011.04.17 09:32 B C:\Downloads\brweb\site\images\next-sprite.gif --> ticket2ryder.com /brweb/images next-sprite.gif
2011.04.17 09:32 B C:\Downloads\brweb\site\images\prev-sprite.gif --> ticket2ryder.com /brweb/images prev-sprite.gif
2011.04.17 09:32 B C:\Downloads\brweb\site\images\WS_FTP.LOG --> ticket2ryder.com /brweb/images WS_FTP.LOG
2011.04.17 09:40 B C:\Downloads\brweb\site\images\arrow1.gif --> ticket2ryder.com /brweb/images arrow1.gif
2011.04.17 09:40 B C:\Downloads\brweb\site\images\drag.gif --> ticket2ryder.com /brweb/images drag.gif
2011.04.17 09:40 B C:\Downloads\brweb\site\images\nav-bg.gif --> ticket2ryder.com /brweb/images nav-bg.gif
2011.04.17 09:40 B C:\Downloads\brweb\site\images\next-act.gif --> ticket2ryder.com /brweb/images next-act.gif
2011.04.17 09:40 B C:\Downloads\brweb\site\images\next-sprite.gif --> ticket2ryder.com /brweb/images next-sprite.gif
2011.04.17 09:40 B C:\Downloads\brweb\site\images\prev-sprite.gif --> ticket2ryder.com /brweb/images prev-sprite.gif
2011.04.17 09:40 B C:\Downloads\brweb\site\images\WS_FTP.LOG --> ticket2ryder.com /brweb/images WS_FTP.LOG
2011.04.17 21:51 B C:\Downloads\brweb\site\images\bio-pic.jpg --> ticket2ryder.com /brweb/images bio-pic.jpg
2011.04.17 22:11 B C:\Downloads\brweb\site\images\bio-pic.jpg --> ticket2ryder.com /brweb/images bio-pic.jpg
