2011.04.16 17:34 B C:\Downloads\brweb\site\images\1-sprite.jpg --> ticket2ryder.com /site/images 1-sprite.jpg
2011.04.16 17:34 B C:\Downloads\brweb\site\images\1.jpg --> ticket2ryder.com /site/images 1.jpg
2011.04.16 17:34 B C:\Downloads\brweb\site\images\11-sprite.jpg --> ticket2ryder.com /site/images 11-sprite.jpg
2011.04.16 17:34 B C:\Downloads\brweb\site\images\11.jpg --> ticket2ryder.com /site/images 11.jpg
2011.04.16 17:34 B C:\Downloads\brweb\site\images\13-sprite.jpg --> ticket2ryder.com /site/images 13-sprite.jpg
2011.04.16 17:34 B C:\Downloads\brweb\site\images\13.jpg --> ticket2ryder.com /site/images 13.jpg
2011.04.16 17:34 B C:\Downloads\brweb\site\images\15-sprite.jpg --> ticket2ryder.com /site/images 15-sprite.jpg
2011.04.16 17:34 B C:\Downloads\brweb\site\images\15.jpg --> ticket2ryder.com /site/images 15.jpg
2011.04.16 17:34 B C:\Downloads\brweb\site\images\17-sprite.jpg --> ticket2ryder.com /site/images 17-sprite.jpg
2011.04.16 17:34 B C:\Downloads\brweb\site\images\17.jpg --> ticket2ryder.com /site/images 17.jpg
2011.04.16 17:34 B C:\Downloads\brweb\site\images\19-sprite.jpg --> ticket2ryder.com /site/images 19-sprite.jpg
2011.04.16 17:34 B C:\Downloads\brweb\site\images\19.jpg --> ticket2ryder.com /site/images 19.jpg
2011.04.16 17:34 B C:\Downloads\brweb\site\images\1page-img1.jpg --> ticket2ryder.com /site/images 1page-img1.jpg
2011.04.16 17:34 B C:\Downloads\brweb\site\images\1page-img2.jpg --> ticket2ryder.com /site/images 1page-img2.jpg
2011.04.16 17:34 B C:\Downloads\brweb\site\images\21-sprite.jpg --> ticket2ryder.com /site/images 21-sprite.jpg
2011.04.16 17:34 B C:\Downloads\brweb\site\images\23-sprite.jpg --> ticket2ryder.com /site/images 23-sprite.jpg
2011.04.16 17:34 B C:\Downloads\brweb\site\images\23.jpg --> ticket2ryder.com /site/images 23.jpg
2011.04.16 17:34 B C:\Downloads\brweb\site\images\25-sprite.jpg --> ticket2ryder.com /site/images 25-sprite.jpg
2011.04.16 17:34 B C:\Downloads\brweb\site\images\25.jpg --> ticket2ryder.com /site/images 25.jpg
2011.04.16 17:34 B C:\Downloads\brweb\site\images\27-sprite.jpg --> ticket2ryder.com /site/images 27-sprite.jpg
2011.04.16 17:34 B C:\Downloads\brweb\site\images\27.jpg --> ticket2ryder.com /site/images 27.jpg
2011.04.16 17:34 B C:\Downloads\brweb\site\images\29-sprite.jpg --> ticket2ryder.com /site/images 29-sprite.jpg
2011.04.16 17:34 B C:\Downloads\brweb\site\images\29.jpg --> ticket2ryder.com /site/images 29.jpg
2011.04.16 17:34 B C:\Downloads\brweb\site\images\2page-img1.jpg --> ticket2ryder.com /site/images 2page-img1.jpg
2011.04.16 17:34 B C:\Downloads\brweb\site\images\2page-img2.jpg --> ticket2ryder.com /site/images 2page-img2.jpg
2011.04.16 17:34 B C:\Downloads\brweb\site\images\3-sprite.jpg --> ticket2ryder.com /site/images 3-sprite.jpg
2011.04.16 17:34 B C:\Downloads\brweb\site\images\31-sprite.jpg --> ticket2ryder.com /site/images 31-sprite.jpg
2011.04.16 17:34 B C:\Downloads\brweb\site\images\31.jpg --> ticket2ryder.com /site/images 31.jpg
2011.04.16 17:35 B C:\Downloads\brweb\site\images\33-sprite.jpg --> ticket2ryder.com /site/images 33-sprite.jpg
2011.04.16 17:35 B C:\Downloads\brweb\site\images\33.jpg --> ticket2ryder.com /site/images 33.jpg
2011.04.16 17:35 B C:\Downloads\brweb\site\images\35-sprite.jpg --> ticket2ryder.com /site/images 35-sprite.jpg
2011.04.16 17:35 B C:\Downloads\brweb\site\images\35.jpg --> ticket2ryder.com /site/images 35.jpg
2011.04.16 17:35 B C:\Downloads\brweb\site\images\37-sprite.jpg --> ticket2ryder.com /site/images 37-sprite.jpg
2011.04.16 17:35 B C:\Downloads\brweb\site\images\37.jpg --> ticket2ryder.com /site/images 37.jpg
2011.04.16 17:35 B C:\Downloads\brweb\site\images\39-sprite.jpg --> ticket2ryder.com /site/images 39-sprite.jpg
2011.04.16 17:35 B C:\Downloads\brweb\site\images\39.jpg --> ticket2ryder.com /site/images 39.jpg
2011.04.16 17:35 B C:\Downloads\brweb\site\images\3page-img1.jpg --> ticket2ryder.com /site/images 3page-img1.jpg
2011.04.16 17:35 B C:\Downloads\brweb\site\images\3page-img2.jpg --> ticket2ryder.com /site/images 3page-img2.jpg
2011.04.16 17:35 B C:\Downloads\brweb\site\images\3page-img3.jpg --> ticket2ryder.com /site/images 3page-img3.jpg
2011.04.16 17:35 B C:\Downloads\brweb\site\images\3page-img4.jpg --> ticket2ryder.com /site/images 3page-img4.jpg
2011.04.16 17:35 B C:\Downloads\brweb\site\images\41-sprite.jpg --> ticket2ryder.com /site/images 41-sprite.jpg
2011.04.16 17:35 B C:\Downloads\brweb\site\images\41.jpg --> ticket2ryder.com /site/images 41.jpg
2011.04.16 17:35 B C:\Downloads\brweb\site\images\42-sprite.jpg --> ticket2ryder.com /site/images 42-sprite.jpg
2011.04.16 17:35 B C:\Downloads\brweb\site\images\42.jpg --> ticket2ryder.com /site/images 42.jpg
2011.04.16 17:35 B C:\Downloads\brweb\site\images\43-sprite.jpg --> ticket2ryder.com /site/images 43-sprite.jpg
2011.04.16 17:35 B C:\Downloads\brweb\site\images\43.jpg --> ticket2ryder.com /site/images 43.jpg
2011.04.16 17:35 B C:\Downloads\brweb\site\images\46-sprite.jpg --> ticket2ryder.com /site/images 46-sprite.jpg
2011.04.16 17:35 B C:\Downloads\brweb\site\images\46.jpg --> ticket2ryder.com /site/images 46.jpg
2011.04.16 17:35 B C:\Downloads\brweb\site\images\47-sprite.jpg --> ticket2ryder.com /site/images 47-sprite.jpg
2011.04.16 17:35 B C:\Downloads\brweb\site\images\47.jpg --> ticket2ryder.com /site/images 47.jpg
2011.04.16 17:35 B C:\Downloads\brweb\site\images\49-sprite.jpg --> ticket2ryder.com /site/images 49-sprite.jpg
2011.04.16 17:35 B C:\Downloads\brweb\site\images\49.jpg --> ticket2ryder.com /site/images 49.jpg
2011.04.16 17:35 B C:\Downloads\brweb\site\images\4page-img1.jpg --> ticket2ryder.com /site/images 4page-img1.jpg
2011.04.16 17:35 B C:\Downloads\brweb\site\images\4page-img2.jpg --> ticket2ryder.com /site/images 4page-img2.jpg
2011.04.16 17:35 B C:\Downloads\brweb\site\images\5-sprite.jpg --> ticket2ryder.com /site/images 5-sprite.jpg
2011.04.16 17:35 B C:\Downloads\brweb\site\images\5.jpg --> ticket2ryder.com /site/images 5.jpg
2011.04.16 17:35 B C:\Downloads\brweb\site\images\5page-img1.jpg --> ticket2ryder.com /site/images 5page-img1.jpg
2011.04.16 17:35 B C:\Downloads\brweb\site\images\5page-img2.jpg --> ticket2ryder.com /site/images 5page-img2.jpg
2011.04.16 17:35 B C:\Downloads\brweb\site\images\6page-img1.jpg --> ticket2ryder.com /site/images 6page-img1.jpg
2011.04.16 17:35 B C:\Downloads\brweb\site\images\6page-img2.jpg --> ticket2ryder.com /site/images 6page-img2.jpg
2011.04.16 17:35 B C:\Downloads\brweb\site\images\6page-img3.jpg --> ticket2ryder.com /site/images 6page-img3.jpg
2011.04.16 17:35 B C:\Downloads\brweb\site\images\7-sprite.jpg --> ticket2ryder.com /site/images 7-sprite.jpg
2011.04.16 17:35 B C:\Downloads\brweb\site\images\7.jpg --> ticket2ryder.com /site/images 7.jpg
2011.04.16 17:35 B C:\Downloads\brweb\site\images\7page-img1.jpg --> ticket2ryder.com /site/images 7page-img1.jpg
2011.04.16 17:35 B C:\Downloads\brweb\site\images\9-sprite.jpg --> ticket2ryder.com /site/images 9-sprite.jpg
2011.04.16 17:35 B C:\Downloads\brweb\site\images\9.jpg --> ticket2ryder.com /site/images 9.jpg
2011.04.16 17:35 B C:\Downloads\brweb\site\images\arrow1.gif --> ticket2ryder.com /site/images arrow1.gif
2011.04.16 17:35 B C:\Downloads\brweb\site\images\brandi.jpg --> ticket2ryder.com /site/images brandi.jpg
2011.04.16 17:35 B C:\Downloads\brweb\site\images\collector-bw.jpg --> ticket2ryder.com /site/images collector-bw.jpg
2011.04.16 17:35 B C:\Downloads\brweb\site\images\collector-x-bw.jpg --> ticket2ryder.com /site/images collector-x-bw.jpg
2011.04.16 17:35 B C:\Downloads\brweb\site\images\collector-x.jpg --> ticket2ryder.com /site/images collector-x.jpg
2011.04.16 17:35 B C:\Downloads\brweb\site\images\collector.jpg --> ticket2ryder.com /site/images collector.jpg
2011.04.16 17:35 B C:\Downloads\brweb\site\images\content-bg.jpg --> ticket2ryder.com /site/images content-bg.jpg
2011.04.16 17:35 B C:\Downloads\brweb\site\images\cover.jpg --> ticket2ryder.com /site/images cover.jpg
2011.04.16 17:35 B C:\Downloads\brweb\site\images\drag.gif --> ticket2ryder.com /site/images drag.gif
2011.04.16 17:35 B C:\Downloads\brweb\site\images\footer-bg.gif --> ticket2ryder.com /site/images footer-bg.gif
2011.04.16 17:35 B C:\Downloads\brweb\site\images\footer-logo.gif --> ticket2ryder.com /site/images footer-logo.gif
2011.04.16 17:35 B C:\Downloads\brweb\site\images\frame-1.jpg --> ticket2ryder.com /site/images frame-1.jpg
2011.04.16 17:35 B C:\Downloads\brweb\site\images\frame-2.jpg --> ticket2ryder.com /site/images frame-2.jpg
2011.04.16 17:35 B C:\Downloads\brweb\site\images\frame-test.jpg --> ticket2ryder.com /site/images frame-test.jpg
2011.04.16 17:35 B C:\Downloads\brweb\site\images\frame-x-sprite.jpg --> ticket2ryder.com /site/images frame-x-sprite.jpg
2011.04.16 17:35 B C:\Downloads\brweb\site\images\front.jpg --> ticket2ryder.com /site/images front.jpg
2011.04.16 17:35 B C:\Downloads\brweb\site\images\gallery.jpg --> ticket2ryder.com /site/images gallery.jpg
2011.04.16 17:35 B C:\Downloads\brweb\site\images\header-bg.jpg --> ticket2ryder.com /site/images header-bg.jpg
2011.04.16 17:35 B C:\Downloads\brweb\site\images\icon-facebook-alt.gif --> ticket2ryder.com /site/images icon-facebook-alt.gif
2011.04.16 17:35 B C:\Downloads\brweb\site\images\icon-facebook.jpg --> ticket2ryder.com /site/images icon-facebook.jpg
2011.04.16 17:35 B C:\Downloads\brweb\site\images\icon-flickr.jpg --> ticket2ryder.com /site/images icon-flickr.jpg
2011.04.16 17:35 B C:\Downloads\brweb\site\images\icon-rss-alt.gif --> ticket2ryder.com /site/images icon-rss-alt.gif
2011.04.16 17:35 B C:\Downloads\brweb\site\images\icon-tech.jpg --> ticket2ryder.com /site/images icon-tech.jpg
2011.04.16 17:35 B C:\Downloads\brweb\site\images\icon-twitter-alt.gif --> ticket2ryder.com /site/images icon-twitter-alt.gif
2011.04.16 17:35 B C:\Downloads\brweb\site\images\icon-twitter.jpg --> ticket2ryder.com /site/images icon-twitter.jpg
2011.04.16 17:35 B C:\Downloads\brweb\site\images\link1-bg.gif --> ticket2ryder.com /site/images link1-bg.gif
2011.04.16 17:35 B C:\Downloads\brweb\site\images\link1-left.gif --> ticket2ryder.com /site/images link1-left.gif
2011.04.16 17:35 B C:\Downloads\brweb\site\images\link1-right.gif --> ticket2ryder.com /site/images link1-right.gif
2011.04.16 17:35 B C:\Downloads\brweb\site\images\logo.gif --> ticket2ryder.com /site/images logo.gif
2011.04.16 17:35 B C:\Downloads\brweb\site\images\main-bg.jpg --> ticket2ryder.com /site/images main-bg.jpg
2011.04.16 17:35 B C:\Downloads\brweb\site\images\nav-bg.gif --> ticket2ryder.com /site/images nav-bg.gif
2011.04.16 17:35 B C:\Downloads\brweb\site\images\next-act.gif --> ticket2ryder.com /site/images next-act.gif
2011.04.16 17:35 B C:\Downloads\brweb\site\images\next-sprite.gif --> ticket2ryder.com /site/images next-sprite.gif
2011.04.16 17:35 B C:\Downloads\brweb\site\images\prev-sprite.gif --> ticket2ryder.com /site/images prev-sprite.gif
2011.04.16 17:35 B C:\Downloads\brweb\site\images\prev.gif --> ticket2ryder.com /site/images prev.gif
2011.04.16 17:35 B C:\Downloads\brweb\site\images\preview1-act.jpg --> ticket2ryder.com /site/images preview1-act.jpg
2011.04.16 17:35 B C:\Downloads\brweb\site\images\preview1.jpg --> ticket2ryder.com /site/images preview1.jpg
2011.04.16 17:35 B C:\Downloads\brweb\site\images\preview2-actx.jpg --> ticket2ryder.com /site/images preview2-actx.jpg
2011.04.16 17:35 B C:\Downloads\brweb\site\images\preview2x.jpg --> ticket2ryder.com /site/images preview2x.jpg
2011.04.16 17:35 B C:\Downloads\brweb\site\images\preview3-act.jpg --> ticket2ryder.com /site/images preview3-act.jpg
2011.04.16 17:35 B C:\Downloads\brweb\site\images\preview3.jpg --> ticket2ryder.com /site/images preview3.jpg
2011.04.16 17:35 B C:\Downloads\brweb\site\images\preview4-act.jpg --> ticket2ryder.com /site/images preview4-act.jpg
2011.04.16 17:35 B C:\Downloads\brweb\site\images\preview4-sprite.jpg --> ticket2ryder.com /site/images preview4-sprite.jpg
2011.04.16 17:35 B C:\Downloads\brweb\site\images\preview4.jpg --> ticket2ryder.com /site/images preview4.jpg
2011.04.16 17:35 B C:\Downloads\brweb\site\images\scroll.gif --> ticket2ryder.com /site/images scroll.gif
2011.04.16 17:35 B C:\Downloads\brweb\site\images\slider-bg.jpg --> ticket2ryder.com /site/images slider-bg.jpg
2011.04.16 17:35 B C:\Downloads\brweb\site\images\sm-logo1.gif --> ticket2ryder.com /site/images sm-logo1.gif
2011.04.16 17:35 B C:\Downloads\brweb\site\images\sm-logo2.gif --> ticket2ryder.com /site/images sm-logo2.gif
2011.04.16 17:35 B C:\Downloads\brweb\site\images\sm-logo3.gif --> ticket2ryder.com /site/images sm-logo3.gif
2011.04.16 17:35 B C:\Downloads\brweb\site\images\sm-logo4.gif --> ticket2ryder.com /site/images sm-logo4.gif
2011.04.16 17:35 B C:\Downloads\brweb\site\images\sm-logo5.gif --> ticket2ryder.com /site/images sm-logo5.gif
2011.04.17 09:18 B C:\Downloads\brweb\site\images\cover.jpg --> ticket2ryder.com /brweb/images cover.jpg
2011.04.17 09:32 B C:\Downloads\brweb\site\images\1a-sprite.jpg --> ticket2ryder.com /brweb/images 1a-sprite.jpg
2011.04.17 09:32 B C:\Downloads\brweb\site\images\arrow1.gif --> ticket2ryder.com /brweb/images arrow1.gif
2011.04.17 09:32 B C:\Downloads\brweb\site\images\drag.gif --> ticket2ryder.com /brweb/images drag.gif
2011.04.17 09:32 B C:\Downloads\brweb\site\images\logo.gif --> ticket2ryder.com /brweb/images logo.gif
2011.04.17 09:32 B C:\Downloads\brweb\site\images\nav-bg.gif --> ticket2ryder.com /brweb/images nav-bg.gif
2011.04.17 09:32 B C:\Downloads\brweb\site\images\next-act.gif --> ticket2ryder.com /brweb/images next-act.gif
2011.04.17 09:32 B C:\Downloads\brweb\site\images\next-sprite.gif --> ticket2ryder.com /brweb/images next-sprite.gif
2011.04.17 09:32 B C:\Downloads\brweb\site\images\prev-sprite.gif --> ticket2ryder.com /brweb/images prev-sprite.gif
2011.04.17 09:32 B C:\Downloads\brweb\site\images\WS_FTP.LOG --> ticket2ryder.com /brweb/images WS_FTP.LOG
2011.04.17 09:40 B C:\Downloads\brweb\site\images\arrow1.gif --> ticket2ryder.com /brweb/images arrow1.gif
2011.04.17 09:40 B C:\Downloads\brweb\site\images\drag.gif --> ticket2ryder.com /brweb/images drag.gif
2011.04.17 09:40 B C:\Downloads\brweb\site\images\nav-bg.gif --> ticket2ryder.com /brweb/images nav-bg.gif
2011.04.17 09:40 B C:\Downloads\brweb\site\images\next-act.gif --> ticket2ryder.com /brweb/images next-act.gif
2011.04.17 09:40 B C:\Downloads\brweb\site\images\next-sprite.gif --> ticket2ryder.com /brweb/images next-sprite.gif
2011.04.17 09:40 B C:\Downloads\brweb\site\images\prev-sprite.gif --> ticket2ryder.com /brweb/images prev-sprite.gif
2011.04.17 09:40 B C:\Downloads\brweb\site\images\WS_FTP.LOG --> ticket2ryder.com /brweb/images WS_FTP.LOG
2011.04.17 21:51 B C:\Downloads\brweb\site\images\bio-pic.jpg --> ticket2ryder.com /brweb/images bio-pic.jpg
2011.04.17 22:11 B C:\Downloads\brweb\site\images\bio-pic.jpg --> ticket2ryder.com /brweb/images bio-pic.jpg
2011.04.18 09:10 B C:\Downloads\brweb\site\images\WS_FTP.LOG --> ticket2ryder.com /brweb/images WS_FTP.LOG
2011.04.18 09:59 B C:\Downloads\brweb\site\images\logo.jpg --> ticket2ryder.com /brweb logo.jpg
2011.04.18 10:11 B C:\Downloads\brweb\site\images\logo.jpg --> ticket2ryder.com /brweb/images logo.jpg
2011.04.18 10:53 B C:\Downloads\brweb\site\images\logo-br.gif --> ticket2ryder.com /brweb/images logo-br.gif
2011.04.18 13:16 B C:\Downloads\brweb\site\images\logo-br.gif --> ticket2ryder.com / logo-br.gif
2011.04.18 13:16 B C:\Downloads\brweb\site\images\logo-br.gif --> ticket2ryder.com /brweb/images logo-br.gif
2011.04.18 13:57 B C:\Downloads\brweb\site\images\IMG_9809-rps.jpg --> ticket2ryder.com /brweb/images IMG_9809-rps.jpg
2011.04.18 13:57 B C:\Downloads\brweb\site\images\land.jpg --> ticket2ryder.com /brweb/images land.jpg
2011.04.18 14:02 B C:\Downloads\brweb\site\images\land.jpg --> ticket2ryder.com /brweb/images land.jpg
2011.04.18 14:34 B C:\Downloads\brweb\site\images\land2.jpg --> ticket2ryder.com /brweb/images land2.jpg
2011.04.18 14:36 B C:\Downloads\brweb\site\images\land2.jpg --> ticket2ryder.com /brweb/images land2.jpg
2011.04.18 14:40 B C:\Downloads\brweb\site\images\land2.jpg --> ticket2ryder.com /brweb/images land2.jpg
2011.04.18 14:41 B C:\Downloads\brweb\site\images\land2.jpg --> ticket2ryder.com /brweb/images land2.jpg
2011.04.18 15:07 B C:\Downloads\brweb\site\images\lhalf.jpg --> ticket2ryder.com /brweb/images lhalf.jpg
2011.04.18 15:07 B C:\Downloads\brweb\site\images\rhalf.jpg --> ticket2ryder.com /brweb/images rhalf.jpg
2011.04.18 15:10 B C:\Downloads\brweb\site\images\IMG_9809-rps.jpg --> ticket2ryder.com /brweb/images IMG_9809-rps.jpg
2011.04.18 15:10 B C:\Downloads\brweb\site\images\IMG_9809-rps.jpg --> ticket2ryder.com /brweb/images IMG_9809-rps.jpg
2011.04.18 15:23 B C:\Downloads\brweb\site\images\bio-page-br.jpg --> ticket2ryder.com /brweb/images bio-page-br.jpg
2011.04.18 15:55 B C:\Downloads\brweb\site\images\lhalf.jpg --> ticket2ryder.com /brweb/images lhalf.jpg
2011.04.18 15:55 B C:\Downloads\brweb\site\images\rhalf.jpg --> ticket2ryder.com /brweb/images rhalf.jpg
2011.04.18 15:58 B C:\Downloads\brweb\site\images\lhalf.jpg --> ticket2ryder.com /brweb/images lhalf.jpg
2011.04.18 15:59 B C:\Downloads\brweb\site\images\rhalf.jpg --> ticket2ryder.com /brweb/images rhalf.jpg
2011.04.18 16:01 B C:\Downloads\brweb\site\images\lhalf.jpg --> ticket2ryder.com /brweb/images lhalf.jpg
2011.04.18 16:01 B C:\Downloads\brweb\site\images\rhalf.jpg --> ticket2ryder.com /brweb/images rhalf.jpg
2011.04.18 19:34 B C:\Downloads\brweb\site\images\lhalf.jpg --> ticket2ryder.com /brweb/images lhalf.jpg
2011.04.18 19:34 B C:\Downloads\brweb\site\images\rhalf.jpg --> ticket2ryder.com /brweb/images rhalf.jpg
2011.04.18 20:11 B C:\Downloads\brweb\site\images\bio-page-br.jpg --> ticket2ryder.com /brweb/images bio-page-br.jpg
2011.04.20 15:39 B C:\Downloads\brweb\site\images\brandi-new.jpg --> ticket2ryder.com /brweb/images brandi-new.jpg
2011.04.20 15:41 B C:\Downloads\brweb\site\images\brandi-new.jpg --> ticket2ryder.com /brweb/images brandi-new.jpg
2011.04.20 15:44 B C:\Downloads\brweb\site\images\brandi-new.jpg --> ticket2ryder.com /brweb/images brandi-new.jpg
2011.04.20 15:55 B C:\Downloads\brweb\site\images\brandi-new.jpg --> ticket2ryder.com /brweb/images brandi-new.jpg
2011.04.20 15:59 B C:\Downloads\brweb\site\images\bio-page-br2.jpg --> ticket2ryder.com /brweb/images bio-page-br2.jpg
2011.04.20 16:43 B C:\Downloads\brweb\site\images\brandi-bio-3.jpg --> ticket2ryder.com /brweb/images brandi-bio-3.jpg
2011.04.20 17:16 B C:\Downloads\brweb\site\images\lake.jpg --> ticket2ryder.com /brweb/images lake.jpg
2011.04.20 17:31 B C:\Downloads\brweb\site\images\brandi-bio-3.jpg --> ticket2ryder.com /brweb/images brandi-bio-3.jpg
2011.04.20 17:34 B C:\Downloads\brweb\site\images\brandi-bio-3.jpg --> ticket2ryder.com /brweb/images brandi-bio-3.jpg
2011.04.20 17:55 B C:\Downloads\brweb\site\images\lake.jpg --> ticket2ryder.com /brweb/images lake.jpg
2011.04.20 20:00 B C:\Downloads\brweb\site\images\1b-sprite.jpg --> ticket2ryder.com /brweb/images 1b-sprite.jpg
2011.04.20 20:02 B C:\Downloads\brweb\site\images\1b-sprite.jpg --> ticket2ryder.com /brweb/images 1b-sprite.jpg
2011.04.20 20:10 B C:\Downloads\brweb\site\images\3b-sprite.jpg --> ticket2ryder.com /brweb/images 3b-sprite.jpg
2011.04.20 20:13 B C:\Downloads\brweb\site\images\1b-sprite.jpg --> ticket2ryder.com /brweb/images 1b-sprite.jpg
2011.04.20 20:16 B C:\Downloads\brweb\site\images\5b-sprite.jpg --> ticket2ryder.com /brweb/images 5b-sprite.jpg
2011.04.20 20:17 B C:\Downloads\brweb\site\images\5b-sprite.jpg --> ticket2ryder.com /brweb/images 5b-sprite.jpg
2011.04.20 20:20 B C:\Downloads\brweb\site\images\7b-sprite.jpg --> ticket2ryder.com /brweb/images 7b-sprite.jpg
2011.04.20 20:26 B C:\Downloads\brweb\site\images\9b-sprite.jpg --> ticket2ryder.com /brweb/images 9b-sprite.jpg
2011.04.20 20:28 B C:\Downloads\brweb\site\images\11b-sprite.jpg --> ticket2ryder.com /brweb/images 11b-sprite.jpg
2011.04.21 12:27 B C:\Downloads\brweb\site\images\1-sprite.jpg --> ticket2ryder.com /images 1-sprite.jpg
2011.04.21 12:27 B C:\Downloads\brweb\site\images\1.jpg --> ticket2ryder.com /images 1.jpg
2011.04.21 12:27 B C:\Downloads\brweb\site\images\11-sprite.jpg --> ticket2ryder.com /images 11-sprite.jpg
2011.04.21 12:27 B C:\Downloads\brweb\site\images\11.jpg --> ticket2ryder.com /images 11.jpg
2011.04.21 12:27 B C:\Downloads\brweb\site\images\11b-sprite.jpg --> ticket2ryder.com /images 11b-sprite.jpg
2011.04.21 12:27 B C:\Downloads\brweb\site\images\13-sprite.jpg --> ticket2ryder.com /images 13-sprite.jpg
2011.04.21 12:27 B C:\Downloads\brweb\site\images\13.jpg --> ticket2ryder.com /images 13.jpg
2011.04.21 12:27 B C:\Downloads\brweb\site\images\15-sprite.jpg --> ticket2ryder.com /images 15-sprite.jpg
2011.04.21 12:27 B C:\Downloads\brweb\site\images\15.jpg --> ticket2ryder.com /images 15.jpg
2011.04.21 12:27 B C:\Downloads\brweb\site\images\17-sprite.jpg --> ticket2ryder.com /images 17-sprite.jpg
2011.04.21 12:27 B C:\Downloads\brweb\site\images\17.jpg --> ticket2ryder.com /images 17.jpg
2011.04.21 12:27 B C:\Downloads\brweb\site\images\19-sprite.jpg --> ticket2ryder.com /images 19-sprite.jpg
2011.04.21 12:27 B C:\Downloads\brweb\site\images\19.jpg --> ticket2ryder.com /images 19.jpg
2011.04.21 12:27 B C:\Downloads\brweb\site\images\1a-sprite.jpg --> ticket2ryder.com /images 1a-sprite.jpg
2011.04.21 12:27 B C:\Downloads\brweb\site\images\1b-sprite.jpg --> ticket2ryder.com /images 1b-sprite.jpg
2011.04.21 12:27 B C:\Downloads\brweb\site\images\1page-img1.jpg --> ticket2ryder.com /images 1page-img1.jpg
2011.04.21 12:27 B C:\Downloads\brweb\site\images\1page-img2.jpg --> ticket2ryder.com /images 1page-img2.jpg
2011.04.21 12:27 B C:\Downloads\brweb\site\images\21-sprite.jpg --> ticket2ryder.com /images 21-sprite.jpg
2011.04.21 12:27 B C:\Downloads\brweb\site\images\23-sprite.jpg --> ticket2ryder.com /images 23-sprite.jpg
2011.04.21 12:27 B C:\Downloads\brweb\site\images\23.jpg --> ticket2ryder.com /images 23.jpg
2011.04.21 12:27 B C:\Downloads\brweb\site\images\25-sprite.jpg --> ticket2ryder.com /images 25-sprite.jpg
2011.04.21 12:27 B C:\Downloads\brweb\site\images\25.jpg --> ticket2ryder.com /images 25.jpg
2011.04.21 12:27 B C:\Downloads\brweb\site\images\27-sprite.jpg --> ticket2ryder.com /images 27-sprite.jpg
2011.04.21 12:28 B C:\Downloads\brweb\site\images\27.jpg --> ticket2ryder.com /images 27.jpg
2011.04.21 12:28 B C:\Downloads\brweb\site\images\29-sprite.jpg --> ticket2ryder.com /images 29-sprite.jpg
2011.04.21 12:28 B C:\Downloads\brweb\site\images\29.jpg --> ticket2ryder.com /images 29.jpg
2011.04.21 12:28 B C:\Downloads\brweb\site\images\2page-img1.jpg --> ticket2ryder.com /images 2page-img1.jpg
2011.04.21 12:28 B C:\Downloads\brweb\site\images\2page-img2.jpg --> ticket2ryder.com /images 2page-img2.jpg
2011.04.21 12:28 B C:\Downloads\brweb\site\images\3-sprite.jpg --> ticket2ryder.com /images 3-sprite.jpg
2011.04.21 12:28 B C:\Downloads\brweb\site\images\31-sprite.jpg --> ticket2ryder.com /images 31-sprite.jpg
2011.04.21 12:28 B C:\Downloads\brweb\site\images\31.jpg --> ticket2ryder.com /images 31.jpg
2011.04.21 12:28 B C:\Downloads\brweb\site\images\33-sprite.jpg --> ticket2ryder.com /images 33-sprite.jpg
2011.04.21 12:28 B C:\Downloads\brweb\site\images\33.jpg --> ticket2ryder.com /images 33.jpg
2011.04.21 12:28 B C:\Downloads\brweb\site\images\35-sprite.jpg --> ticket2ryder.com /images 35-sprite.jpg
2011.04.21 12:28 B C:\Downloads\brweb\site\images\35.jpg --> ticket2ryder.com /images 35.jpg
2011.04.21 12:28 B C:\Downloads\brweb\site\images\37-sprite.jpg --> ticket2ryder.com /images 37-sprite.jpg
2011.04.21 12:28 B C:\Downloads\brweb\site\images\37.jpg --> ticket2ryder.com /images 37.jpg
2011.04.21 12:28 B C:\Downloads\brweb\site\images\39-sprite.jpg --> ticket2ryder.com /images 39-sprite.jpg
2011.04.21 12:28 B C:\Downloads\brweb\site\images\39.jpg --> ticket2ryder.com /images 39.jpg
2011.04.21 12:28 B C:\Downloads\brweb\site\images\3b-sprite.jpg --> ticket2ryder.com /images 3b-sprite.jpg
2011.04.21 12:28 B C:\Downloads\brweb\site\images\3page-img1.jpg --> ticket2ryder.com /images 3page-img1.jpg
2011.04.21 12:28 B C:\Downloads\brweb\site\images\3page-img2.jpg --> ticket2ryder.com /images 3page-img2.jpg
2011.04.21 12:28 B C:\Downloads\brweb\site\images\3page-img3.jpg --> ticket2ryder.com /images 3page-img3.jpg
2011.04.21 12:28 B C:\Downloads\brweb\site\images\3page-img4.jpg --> ticket2ryder.com /images 3page-img4.jpg
2011.04.21 12:28 B C:\Downloads\brweb\site\images\41-sprite.jpg --> ticket2ryder.com /images 41-sprite.jpg
2011.04.21 12:28 B C:\Downloads\brweb\site\images\41.jpg --> ticket2ryder.com /images 41.jpg
2011.04.21 12:28 B C:\Downloads\brweb\site\images\42-sprite.jpg --> ticket2ryder.com /images 42-sprite.jpg
2011.04.21 12:28 B C:\Downloads\brweb\site\images\42.jpg --> ticket2ryder.com /images 42.jpg
2011.04.21 12:28 B C:\Downloads\brweb\site\images\43-sprite.jpg --> ticket2ryder.com /images 43-sprite.jpg
2011.04.21 12:28 B C:\Downloads\brweb\site\images\43.jpg --> ticket2ryder.com /images 43.jpg
2011.04.21 12:28 B C:\Downloads\brweb\site\images\46-sprite.jpg --> ticket2ryder.com /images 46-sprite.jpg
2011.04.21 12:28 B C:\Downloads\brweb\site\images\46.jpg --> ticket2ryder.com /images 46.jpg
2011.04.21 12:28 B C:\Downloads\brweb\site\images\47-sprite.jpg --> ticket2ryder.com /images 47-sprite.jpg
2011.04.21 12:28 B C:\Downloads\brweb\site\images\47.jpg --> ticket2ryder.com /images 47.jpg
2011.04.21 12:28 B C:\Downloads\brweb\site\images\49-sprite.jpg --> ticket2ryder.com /images 49-sprite.jpg
2011.04.21 12:28 B C:\Downloads\brweb\site\images\49.jpg --> ticket2ryder.com /images 49.jpg
2011.04.21 12:28 B C:\Downloads\brweb\site\images\4page-img1.jpg --> ticket2ryder.com /images 4page-img1.jpg
2011.04.21 12:28 B C:\Downloads\brweb\site\images\4page-img2.jpg --> ticket2ryder.com /images 4page-img2.jpg
2011.04.21 12:28 B C:\Downloads\brweb\site\images\5-sprite.jpg --> ticket2ryder.com /images 5-sprite.jpg
2011.04.21 12:28 B C:\Downloads\brweb\site\images\5.jpg --> ticket2ryder.com /images 5.jpg
2011.04.21 12:28 B C:\Downloads\brweb\site\images\5b-sprite.jpg --> ticket2ryder.com /images 5b-sprite.jpg
2011.04.21 12:28 B C:\Downloads\brweb\site\images\5page-img1.jpg --> ticket2ryder.com /images 5page-img1.jpg
2011.04.21 12:28 B C:\Downloads\brweb\site\images\5page-img2.jpg --> ticket2ryder.com /images 5page-img2.jpg
2011.04.21 12:28 B C:\Downloads\brweb\site\images\6page-img1.jpg --> ticket2ryder.com /images 6page-img1.jpg
2011.04.21 12:28 B C:\Downloads\brweb\site\images\6page-img2.jpg --> ticket2ryder.com /images 6page-img2.jpg
2011.04.21 12:28 B C:\Downloads\brweb\site\images\6page-img3.jpg --> ticket2ryder.com /images 6page-img3.jpg
2011.04.21 12:28 B C:\Downloads\brweb\site\images\7-sprite.jpg --> ticket2ryder.com /images 7-sprite.jpg
2011.04.21 12:28 B C:\Downloads\brweb\site\images\7.jpg --> ticket2ryder.com /images 7.jpg
2011.04.21 12:28 B C:\Downloads\brweb\site\images\7b-sprite.jpg --> ticket2ryder.com /images 7b-sprite.jpg
2011.04.21 12:28 B C:\Downloads\brweb\site\images\7page-img1.jpg --> ticket2ryder.com /images 7page-img1.jpg
2011.04.21 12:28 B C:\Downloads\brweb\site\images\9-sprite.jpg --> ticket2ryder.com /images 9-sprite.jpg
2011.04.21 12:28 B C:\Downloads\brweb\site\images\9.jpg --> ticket2ryder.com /images 9.jpg
2011.04.21 12:28 B C:\Downloads\brweb\site\images\9b-sprite.jpg --> ticket2ryder.com /images 9b-sprite.jpg
2011.04.21 12:28 B C:\Downloads\brweb\site\images\arrow1.gif --> ticket2ryder.com /images arrow1.gif
2011.04.21 12:28 B C:\Downloads\brweb\site\images\Baker Lake.jpg --> ticket2ryder.com /images Baker Lake.jpg
2011.04.21 12:28 B C:\Downloads\brweb\site\images\bio-page-br.jpg --> ticket2ryder.com /images bio-page-br.jpg
2011.04.21 12:29 B C:\Downloads\brweb\site\images\bio-page-br2.jpg --> ticket2ryder.com /images bio-page-br2.jpg
2011.04.21 12:29 B C:\Downloads\brweb\site\images\bio-pic.jpg --> ticket2ryder.com /images bio-pic.jpg
2011.04.21 12:29 B C:\Downloads\brweb\site\images\brandi-bio-3.jpg --> ticket2ryder.com /images brandi-bio-3.jpg
2011.04.21 12:29 B C:\Downloads\brweb\site\images\brandi-new-bw.jpg --> ticket2ryder.com /images brandi-new-bw.jpg
2011.04.21 12:29 B C:\Downloads\brweb\site\images\brandi-new-color.jpg --> ticket2ryder.com /images brandi-new-color.jpg
2011.04.21 12:29 B C:\Downloads\brweb\site\images\brandi-new.jpg --> ticket2ryder.com /images brandi-new.jpg
2011.04.21 12:29 B C:\Downloads\brweb\site\images\brandi.jpg --> ticket2ryder.com /images brandi.jpg
2011.04.21 12:29 B C:\Downloads\brweb\site\images\collector-bw.jpg --> ticket2ryder.com /images collector-bw.jpg
2011.04.21 12:29 B C:\Downloads\brweb\site\images\collector-x-bw.jpg --> ticket2ryder.com /images collector-x-bw.jpg
2011.04.21 12:29 B C:\Downloads\brweb\site\images\collector-x.jpg --> ticket2ryder.com /images collector-x.jpg
2011.04.21 12:29 B C:\Downloads\brweb\site\images\collector.jpg --> ticket2ryder.com /images collector.jpg
2011.04.21 12:29 B C:\Downloads\brweb\site\images\content-bg.jpg --> ticket2ryder.com /images content-bg.jpg
2011.04.21 12:29 B C:\Downloads\brweb\site\images\cover.jpg --> ticket2ryder.com /images cover.jpg
2011.04.21 12:29 B C:\Downloads\brweb\site\images\drag.gif --> ticket2ryder.com /images drag.gif
2011.04.21 12:29 B C:\Downloads\brweb\site\images\footer-bg.gif --> ticket2ryder.com /images footer-bg.gif
2011.04.21 12:29 B C:\Downloads\brweb\site\images\footer-logo.gif --> ticket2ryder.com /images footer-logo.gif
2011.04.21 12:29 B C:\Downloads\brweb\site\images\frame-1.jpg --> ticket2ryder.com /images frame-1.jpg
2011.04.21 12:29 B C:\Downloads\brweb\site\images\frame-2.jpg --> ticket2ryder.com /images frame-2.jpg
2011.04.21 12:29 B C:\Downloads\brweb\site\images\frame-test.jpg --> ticket2ryder.com /images frame-test.jpg
2011.04.21 12:29 B C:\Downloads\brweb\site\images\frame-x-sprite.jpg --> ticket2ryder.com /images frame-x-sprite.jpg
2011.04.21 12:29 B C:\Downloads\brweb\site\images\front.jpg --> ticket2ryder.com /images front.jpg
2011.04.21 12:29 B C:\Downloads\brweb\site\images\gallery.jpg --> ticket2ryder.com /images gallery.jpg
2011.04.21 12:29 B C:\Downloads\brweb\site\images\header-bg.jpg --> ticket2ryder.com /images header-bg.jpg
2011.04.21 12:29 B C:\Downloads\brweb\site\images\icon-facebook-alt.gif --> ticket2ryder.com /images icon-facebook-alt.gif
2011.04.21 12:29 B C:\Downloads\brweb\site\images\icon-facebook.jpg --> ticket2ryder.com /images icon-facebook.jpg
2011.04.21 12:29 B C:\Downloads\brweb\site\images\icon-flickr.jpg --> ticket2ryder.com /images icon-flickr.jpg
2011.04.21 12:29 B C:\Downloads\brweb\site\images\icon-rss-alt.gif --> ticket2ryder.com /images icon-rss-alt.gif
2011.04.21 12:29 B C:\Downloads\brweb\site\images\icon-tech.jpg --> ticket2ryder.com /images icon-tech.jpg
2011.04.21 12:29 B C:\Downloads\brweb\site\images\icon-twitter-alt.gif --> ticket2ryder.com /images icon-twitter-alt.gif
2011.04.21 12:29 B C:\Downloads\brweb\site\images\icon-twitter.jpg --> ticket2ryder.com /images icon-twitter.jpg
2011.04.21 12:29 B C:\Downloads\brweb\site\images\IMG_9809-rps.jpg --> ticket2ryder.com /images IMG_9809-rps.jpg
2011.04.21 12:29 B C:\Downloads\brweb\site\images\lake.jpg --> ticket2ryder.com /images lake.jpg
2011.04.21 12:29 B C:\Downloads\brweb\site\images\land.jpg --> ticket2ryder.com /images land.jpg
2011.04.21 12:29 B C:\Downloads\brweb\site\images\land2.jpg --> ticket2ryder.com /images land2.jpg
2011.04.21 12:29 B C:\Downloads\brweb\site\images\lhalf - Copy.jpg --> ticket2ryder.com /images lhalf - Copy.jpg
2011.04.21 12:29 B C:\Downloads\brweb\site\images\lhalf.jpg --> ticket2ryder.com /images lhalf.jpg
2011.04.21 12:29 B C:\Downloads\brweb\site\images\link1-bg.gif --> ticket2ryder.com /images link1-bg.gif
2011.04.21 12:29 B C:\Downloads\brweb\site\images\link1-left.gif --> ticket2ryder.com /images link1-left.gif
2011.04.21 12:29 B C:\Downloads\brweb\site\images\link1-right.gif --> ticket2ryder.com /images link1-right.gif
2011.04.21 12:29 B C:\Downloads\brweb\site\images\logo-br.gif --> ticket2ryder.com /images logo-br.gif
2011.04.21 12:29 B C:\Downloads\brweb\site\images\logo.gif --> ticket2ryder.com /images logo.gif
2011.04.21 12:29 B C:\Downloads\brweb\site\images\logo.jpg --> ticket2ryder.com /images logo.jpg
2011.04.21 12:29 B C:\Downloads\brweb\site\images\logo2.gif --> ticket2ryder.com /images logo2.gif
2011.04.21 12:29 B C:\Downloads\brweb\site\images\main-bg.jpg --> ticket2ryder.com /images main-bg.jpg
2011.04.21 12:29 B C:\Downloads\brweb\site\images\Mt. Baker-- lake.jpg --> ticket2ryder.com /images Mt. Baker-- lake.jpg
2011.04.21 12:29 B C:\Downloads\brweb\site\images\nav-bg.gif --> ticket2ryder.com /images nav-bg.gif
2011.04.21 12:29 B C:\Downloads\brweb\site\images\next-act.gif --> ticket2ryder.com /images next-act.gif
2011.04.21 12:29 B C:\Downloads\brweb\site\images\next-sprite.gif --> ticket2ryder.com /images next-sprite.gif
2011.04.21 12:29 B C:\Downloads\brweb\site\images\prev-sprite.gif --> ticket2ryder.com /images prev-sprite.gif
2011.04.21 12:29 B C:\Downloads\brweb\site\images\prev.gif --> ticket2ryder.com /images prev.gif
2011.04.21 12:29 B C:\Downloads\brweb\site\images\preview1-act.jpg --> ticket2ryder.com /images preview1-act.jpg
2011.04.21 12:29 B C:\Downloads\brweb\site\images\preview1.jpg --> ticket2ryder.com /images preview1.jpg
2011.04.21 12:29 B C:\Downloads\brweb\site\images\preview2-actx.jpg --> ticket2ryder.com /images preview2-actx.jpg
2011.04.21 12:29 B C:\Downloads\brweb\site\images\preview2x.jpg --> ticket2ryder.com /images preview2x.jpg
2011.04.21 12:29 B C:\Downloads\brweb\site\images\preview3-act.jpg --> ticket2ryder.com /images preview3-act.jpg
2011.04.21 12:30 B C:\Downloads\brweb\site\images\preview3.jpg --> ticket2ryder.com /images preview3.jpg
2011.04.21 12:30 B C:\Downloads\brweb\site\images\preview4-act.jpg --> ticket2ryder.com /images preview4-act.jpg
2011.04.21 12:30 B C:\Downloads\brweb\site\images\preview4-sprite.jpg --> ticket2ryder.com /images preview4-sprite.jpg
2011.04.21 12:30 B C:\Downloads\brweb\site\images\preview4.jpg --> ticket2ryder.com /images preview4.jpg
2011.04.21 12:30 B C:\Downloads\brweb\site\images\rainforest ii.jpg --> ticket2ryder.com /images rainforest ii.jpg
2011.04.21 12:30 B C:\Downloads\brweb\site\images\rhalf - Copy.jpg --> ticket2ryder.com /images rhalf - Copy.jpg
2011.04.21 12:30 B C:\Downloads\brweb\site\images\rhalf.jpg --> ticket2ryder.com /images rhalf.jpg
2011.04.21 12:30 B C:\Downloads\brweb\site\images\scroll.gif --> ticket2ryder.com /images scroll.gif
2011.04.21 12:30 B C:\Downloads\brweb\site\images\slider-bg.jpg --> ticket2ryder.com /images slider-bg.jpg
2011.04.21 12:30 B C:\Downloads\brweb\site\images\sm-logo1.gif --> ticket2ryder.com /images sm-logo1.gif
2011.04.21 12:30 B C:\Downloads\brweb\site\images\sm-logo2.gif --> ticket2ryder.com /images sm-logo2.gif
2011.04.21 12:30 B C:\Downloads\brweb\site\images\sm-logo3.gif --> ticket2ryder.com /images sm-logo3.gif
2011.04.21 12:30 B C:\Downloads\brweb\site\images\sm-logo4.gif --> ticket2ryder.com /images sm-logo4.gif
2011.04.21 12:30 B C:\Downloads\brweb\site\images\sm-logo5.gif --> ticket2ryder.com /images sm-logo5.gif
2011.04.21 12:30 B C:\Downloads\brweb\site\images\WS_FTP.LOG --> ticket2ryder.com /images WS_FTP.LOG
2011.04.21 14:34 B C:\Downloads\brweb\site\images\1-sprite.jpg --> brandilynnryder.com /images 1-sprite.jpg
2011.04.21 14:34 B C:\Downloads\brweb\site\images\1.jpg --> brandilynnryder.com /images 1.jpg
2011.04.21 14:34 B C:\Downloads\brweb\site\images\11-sprite.jpg --> brandilynnryder.com /images 11-sprite.jpg
2011.04.21 14:34 B C:\Downloads\brweb\site\images\11.jpg --> brandilynnryder.com /images 11.jpg
2011.04.21 14:34 B C:\Downloads\brweb\site\images\11b-sprite.jpg --> brandilynnryder.com /images 11b-sprite.jpg
2011.04.21 14:34 B C:\Downloads\brweb\site\images\13-sprite.jpg --> brandilynnryder.com /images 13-sprite.jpg
2011.04.21 14:34 B C:\Downloads\brweb\site\images\13.jpg --> brandilynnryder.com /images 13.jpg
2011.04.21 14:34 B C:\Downloads\brweb\site\images\15-sprite.jpg --> brandilynnryder.com /images 15-sprite.jpg
2011.04.21 14:34 B C:\Downloads\brweb\site\images\15.jpg --> brandilynnryder.com /images 15.jpg
2011.04.21 14:34 B C:\Downloads\brweb\site\images\17-sprite.jpg --> brandilynnryder.com /images 17-sprite.jpg
2011.04.21 14:34 B C:\Downloads\brweb\site\images\17.jpg --> brandilynnryder.com /images 17.jpg
2011.04.21 14:34 B C:\Downloads\brweb\site\images\19-sprite.jpg --> brandilynnryder.com /images 19-sprite.jpg
2011.04.21 14:35 B C:\Downloads\brweb\site\images\19.jpg --> brandilynnryder.com /images 19.jpg
2011.04.21 14:35 B C:\Downloads\brweb\site\images\1a-sprite.jpg --> brandilynnryder.com /images 1a-sprite.jpg
2011.04.21 14:35 B C:\Downloads\brweb\site\images\1b-sprite.jpg --> brandilynnryder.com /images 1b-sprite.jpg
2011.04.21 14:35 B C:\Downloads\brweb\site\images\1page-img1.jpg --> brandilynnryder.com /images 1page-img1.jpg
2011.04.21 14:35 B C:\Downloads\brweb\site\images\1page-img2.jpg --> brandilynnryder.com /images 1page-img2.jpg
2011.04.21 14:35 B C:\Downloads\brweb\site\images\21-sprite.jpg --> brandilynnryder.com /images 21-sprite.jpg
2011.04.21 14:35 B C:\Downloads\brweb\site\images\23-sprite.jpg --> brandilynnryder.com /images 23-sprite.jpg
2011.04.21 14:35 B C:\Downloads\brweb\site\images\23.jpg --> brandilynnryder.com /images 23.jpg
2011.04.21 14:35 B C:\Downloads\brweb\site\images\25-sprite.jpg --> brandilynnryder.com /images 25-sprite.jpg
2011.04.21 14:35 B C:\Downloads\brweb\site\images\25.jpg --> brandilynnryder.com /images 25.jpg
2011.04.21 14:35 B C:\Downloads\brweb\site\images\27-sprite.jpg --> brandilynnryder.com /images 27-sprite.jpg
2011.04.21 14:35 B C:\Downloads\brweb\site\images\27.jpg --> brandilynnryder.com /images 27.jpg
2011.04.21 14:35 B C:\Downloads\brweb\site\images\29-sprite.jpg --> brandilynnryder.com /images 29-sprite.jpg
2011.04.21 14:35 B C:\Downloads\brweb\site\images\29.jpg --> brandilynnryder.com /images 29.jpg
2011.04.21 14:35 B C:\Downloads\brweb\site\images\2page-img1.jpg --> brandilynnryder.com /images 2page-img1.jpg
2011.04.21 14:35 B C:\Downloads\brweb\site\images\2page-img2.jpg --> brandilynnryder.com /images 2page-img2.jpg
2011.04.21 14:35 B C:\Downloads\brweb\site\images\3-sprite.jpg --> brandilynnryder.com /images 3-sprite.jpg
2011.04.21 14:35 B C:\Downloads\brweb\site\images\31-sprite.jpg --> brandilynnryder.com /images 31-sprite.jpg
2011.04.21 14:35 B C:\Downloads\brweb\site\images\31.jpg --> brandilynnryder.com /images 31.jpg
2011.04.21 14:35 B C:\Downloads\brweb\site\images\33-sprite.jpg --> brandilynnryder.com /images 33-sprite.jpg
2011.04.21 14:35 B C:\Downloads\brweb\site\images\33.jpg --> brandilynnryder.com /images 33.jpg
2011.04.21 14:35 B C:\Downloads\brweb\site\images\35-sprite.jpg --> brandilynnryder.com /images 35-sprite.jpg
2011.04.21 14:35 B C:\Downloads\brweb\site\images\35.jpg --> brandilynnryder.com /images 35.jpg
2011.04.21 14:35 B C:\Downloads\brweb\site\images\37-sprite.jpg --> brandilynnryder.com /images 37-sprite.jpg
2011.04.21 14:35 B C:\Downloads\brweb\site\images\37.jpg --> brandilynnryder.com /images 37.jpg
2011.04.21 14:35 B C:\Downloads\brweb\site\images\39-sprite.jpg --> brandilynnryder.com /images 39-sprite.jpg
2011.04.21 14:35 B C:\Downloads\brweb\site\images\39.jpg --> brandilynnryder.com /images 39.jpg
2011.04.21 14:35 B C:\Downloads\brweb\site\images\3b-sprite.jpg --> brandilynnryder.com /images 3b-sprite.jpg
2011.04.21 14:35 B C:\Downloads\brweb\site\images\3page-img1.jpg --> brandilynnryder.com /images 3page-img1.jpg
2011.04.21 14:35 B C:\Downloads\brweb\site\images\3page-img2.jpg --> brandilynnryder.com /images 3page-img2.jpg
2011.04.21 14:35 B C:\Downloads\brweb\site\images\3page-img3.jpg --> brandilynnryder.com /images 3page-img3.jpg
2011.04.21 14:35 B C:\Downloads\brweb\site\images\3page-img4.jpg --> brandilynnryder.com /images 3page-img4.jpg
2011.04.21 14:35 B C:\Downloads\brweb\site\images\41-sprite.jpg --> brandilynnryder.com /images 41-sprite.jpg
2011.04.21 14:35 B C:\Downloads\brweb\site\images\41.jpg --> brandilynnryder.com /images 41.jpg
2011.04.21 14:35 B C:\Downloads\brweb\site\images\42-sprite.jpg --> brandilynnryder.com /images 42-sprite.jpg
2011.04.21 14:35 B C:\Downloads\brweb\site\images\42.jpg --> brandilynnryder.com /images 42.jpg
2011.04.21 14:35 B C:\Downloads\brweb\site\images\43-sprite.jpg --> brandilynnryder.com /images 43-sprite.jpg
2011.04.21 14:36 B C:\Downloads\brweb\site\images\43.jpg --> brandilynnryder.com /images 43.jpg
2011.04.21 14:36 B C:\Downloads\brweb\site\images\46-sprite.jpg --> brandilynnryder.com /images 46-sprite.jpg
2011.04.21 14:36 B C:\Downloads\brweb\site\images\46.jpg --> brandilynnryder.com /images 46.jpg
2011.04.21 14:36 B C:\Downloads\brweb\site\images\47-sprite.jpg --> brandilynnryder.com /images 47-sprite.jpg
2011.04.21 14:36 B C:\Downloads\brweb\site\images\47.jpg --> brandilynnryder.com /images 47.jpg
2011.04.21 14:36 B C:\Downloads\brweb\site\images\49-sprite.jpg --> brandilynnryder.com /images 49-sprite.jpg
2011.04.21 14:36 B C:\Downloads\brweb\site\images\49.jpg --> brandilynnryder.com /images 49.jpg
2011.04.21 14:36 B C:\Downloads\brweb\site\images\4page-img1.jpg --> brandilynnryder.com /images 4page-img1.jpg
2011.04.21 14:36 B C:\Downloads\brweb\site\images\4page-img2.jpg --> brandilynnryder.com /images 4page-img2.jpg
2011.04.21 14:36 B C:\Downloads\brweb\site\images\5-sprite.jpg --> brandilynnryder.com /images 5-sprite.jpg
2011.04.21 14:36 B C:\Downloads\brweb\site\images\5.jpg --> brandilynnryder.com /images 5.jpg
2011.04.21 14:36 B C:\Downloads\brweb\site\images\5b-sprite.jpg --> brandilynnryder.com /images 5b-sprite.jpg
2011.04.21 14:36 B C:\Downloads\brweb\site\images\5page-img1.jpg --> brandilynnryder.com /images 5page-img1.jpg
2011.04.21 14:36 B C:\Downloads\brweb\site\images\5page-img2.jpg --> brandilynnryder.com /images 5page-img2.jpg
2011.04.21 14:36 B C:\Downloads\brweb\site\images\6page-img1.jpg --> brandilynnryder.com /images 6page-img1.jpg
2011.04.21 14:36 B C:\Downloads\brweb\site\images\6page-img2.jpg --> brandilynnryder.com /images 6page-img2.jpg
2011.04.21 14:36 B C:\Downloads\brweb\site\images\6page-img3.jpg --> brandilynnryder.com /images 6page-img3.jpg
2011.04.21 14:36 B C:\Downloads\brweb\site\images\7-sprite.jpg --> brandilynnryder.com /images 7-sprite.jpg
2011.04.21 14:36 B C:\Downloads\brweb\site\images\7.jpg --> brandilynnryder.com /images 7.jpg
2011.04.21 14:36 B C:\Downloads\brweb\site\images\7b-sprite.jpg --> brandilynnryder.com /images 7b-sprite.jpg
2011.04.21 14:36 B C:\Downloads\brweb\site\images\7page-img1.jpg --> brandilynnryder.com /images 7page-img1.jpg
2011.04.21 14:36 B C:\Downloads\brweb\site\images\9-sprite.jpg --> brandilynnryder.com /images 9-sprite.jpg
2011.04.21 14:36 B C:\Downloads\brweb\site\images\9.jpg --> brandilynnryder.com /images 9.jpg
2011.04.21 14:36 B C:\Downloads\brweb\site\images\9b-sprite.jpg --> brandilynnryder.com /images 9b-sprite.jpg
2011.04.21 14:36 B C:\Downloads\brweb\site\images\arrow1.gif --> brandilynnryder.com /images arrow1.gif
2011.04.21 14:36 B C:\Downloads\brweb\site\images\Baker Lake.jpg --> brandilynnryder.com /images Baker Lake.jpg
2011.04.21 14:36 B C:\Downloads\brweb\site\images\bio-page-br.jpg --> brandilynnryder.com /images bio-page-br.jpg
2011.04.21 14:36 B C:\Downloads\brweb\site\images\bio-page-br2.jpg --> brandilynnryder.com /images bio-page-br2.jpg
2011.04.21 14:36 B C:\Downloads\brweb\site\images\bio-pic.jpg --> brandilynnryder.com /images bio-pic.jpg
2011.04.21 14:36 B C:\Downloads\brweb\site\images\brandi-bio-3.jpg --> brandilynnryder.com /images brandi-bio-3.jpg
2011.04.21 14:36 B C:\Downloads\brweb\site\images\brandi-new-bw.jpg --> brandilynnryder.com /images brandi-new-bw.jpg
2011.04.21 14:37 B C:\Downloads\brweb\site\images\brandi-new-color.jpg --> brandilynnryder.com /images brandi-new-color.jpg
2011.04.21 14:37 B C:\Downloads\brweb\site\images\brandi-new.jpg --> brandilynnryder.com /images brandi-new.jpg
2011.04.21 14:37 B C:\Downloads\brweb\site\images\brandi.jpg --> brandilynnryder.com /images brandi.jpg
2011.04.21 14:37 B C:\Downloads\brweb\site\images\collector-bw.jpg --> brandilynnryder.com /images collector-bw.jpg
2011.04.21 14:37 B C:\Downloads\brweb\site\images\collector-x-bw.jpg --> brandilynnryder.com /images collector-x-bw.jpg
2011.04.21 14:37 B C:\Downloads\brweb\site\images\collector-x.jpg --> brandilynnryder.com /images collector-x.jpg
2011.04.21 14:37 B C:\Downloads\brweb\site\images\collector.jpg --> brandilynnryder.com /images collector.jpg
2011.04.21 14:37 B C:\Downloads\brweb\site\images\content-bg.jpg --> brandilynnryder.com /images content-bg.jpg
2011.04.21 14:37 B C:\Downloads\brweb\site\images\cover.jpg --> brandilynnryder.com /images cover.jpg
2011.04.21 14:37 B C:\Downloads\brweb\site\images\drag.gif --> brandilynnryder.com /images drag.gif
2011.04.21 14:37 B C:\Downloads\brweb\site\images\footer-bg.gif --> brandilynnryder.com /images footer-bg.gif
2011.04.21 14:37 B C:\Downloads\brweb\site\images\footer-logo.gif --> brandilynnryder.com /images footer-logo.gif
2011.04.21 14:37 B C:\Downloads\brweb\site\images\frame-1.jpg --> brandilynnryder.com /images frame-1.jpg
2011.04.21 14:37 B C:\Downloads\brweb\site\images\frame-2.jpg --> brandilynnryder.com /images frame-2.jpg
2011.04.21 14:37 B C:\Downloads\brweb\site\images\frame-test.jpg --> brandilynnryder.com /images frame-test.jpg
2011.04.21 14:37 B C:\Downloads\brweb\site\images\frame-x-sprite.jpg --> brandilynnryder.com /images frame-x-sprite.jpg
2011.04.21 14:37 B C:\Downloads\brweb\site\images\front.jpg --> brandilynnryder.com /images front.jpg
2011.04.21 14:37 B C:\Downloads\brweb\site\images\gallery.jpg --> brandilynnryder.com /images gallery.jpg
2011.04.21 14:37 B C:\Downloads\brweb\site\images\header-bg.jpg --> brandilynnryder.com /images header-bg.jpg
2011.04.21 14:37 B C:\Downloads\brweb\site\images\icon-facebook-alt.gif --> brandilynnryder.com /images icon-facebook-alt.gif
2011.04.21 14:37 B C:\Downloads\brweb\site\images\icon-facebook.jpg --> brandilynnryder.com /images icon-facebook.jpg
2011.04.21 14:37 B C:\Downloads\brweb\site\images\icon-flickr.jpg --> brandilynnryder.com /images icon-flickr.jpg
2011.04.21 14:37 B C:\Downloads\brweb\site\images\icon-rss-alt.gif --> brandilynnryder.com /images icon-rss-alt.gif
2011.04.21 14:37 B C:\Downloads\brweb\site\images\icon-tech.jpg --> brandilynnryder.com /images icon-tech.jpg
2011.04.21 14:37 B C:\Downloads\brweb\site\images\icon-twitter-alt.gif --> brandilynnryder.com /images icon-twitter-alt.gif
2011.04.21 14:37 B C:\Downloads\brweb\site\images\icon-twitter.jpg --> brandilynnryder.com /images icon-twitter.jpg
2011.04.21 14:37 B C:\Downloads\brweb\site\images\IMG_9809-rps.jpg --> brandilynnryder.com /images IMG_9809-rps.jpg
2011.04.21 14:37 B C:\Downloads\brweb\site\images\lake.jpg --> brandilynnryder.com /images lake.jpg
2011.04.21 14:37 B C:\Downloads\brweb\site\images\land.jpg --> brandilynnryder.com /images land.jpg
2011.04.21 14:37 B C:\Downloads\brweb\site\images\land2.jpg --> brandilynnryder.com /images land2.jpg
2011.04.21 14:37 B C:\Downloads\brweb\site\images\lhalf - Copy.jpg --> brandilynnryder.com /images lhalf - Copy.jpg
2011.04.21 14:37 B C:\Downloads\brweb\site\images\lhalf.jpg --> brandilynnryder.com /images lhalf.jpg
2011.04.21 14:37 B C:\Downloads\brweb\site\images\link1-bg.gif --> brandilynnryder.com /images link1-bg.gif
2011.04.21 14:37 B C:\Downloads\brweb\site\images\link1-left.gif --> brandilynnryder.com /images link1-left.gif
2011.04.21 14:37 B C:\Downloads\brweb\site\images\link1-right.gif --> brandilynnryder.com /images link1-right.gif
2011.04.21 14:37 B C:\Downloads\brweb\site\images\logo-br.gif --> brandilynnryder.com /images logo-br.gif
2011.04.21 14:37 B C:\Downloads\brweb\site\images\logo.gif --> brandilynnryder.com /images logo.gif
2011.04.21 14:37 B C:\Downloads\brweb\site\images\logo.jpg --> brandilynnryder.com /images logo.jpg
2011.04.21 14:37 B C:\Downloads\brweb\site\images\logo2.gif --> brandilynnryder.com /images logo2.gif
2011.04.21 14:37 B C:\Downloads\brweb\site\images\main-bg.jpg --> brandilynnryder.com /images main-bg.jpg
2011.04.21 14:37 B C:\Downloads\brweb\site\images\Mt. Baker-- lake.jpg --> brandilynnryder.com /images Mt. Baker-- lake.jpg
2011.04.21 14:37 B C:\Downloads\brweb\site\images\nav-bg.gif --> brandilynnryder.com /images nav-bg.gif
2011.04.21 14:37 B C:\Downloads\brweb\site\images\next-act.gif --> brandilynnryder.com /images next-act.gif
2011.04.21 14:37 B C:\Downloads\brweb\site\images\next-sprite.gif --> brandilynnryder.com /images next-sprite.gif
2011.04.21 14:37 B C:\Downloads\brweb\site\images\prev-sprite.gif --> brandilynnryder.com /images prev-sprite.gif
2011.04.21 14:37 B C:\Downloads\brweb\site\images\prev.gif --> brandilynnryder.com /images prev.gif
2011.04.21 14:37 B C:\Downloads\brweb\site\images\preview1-act.jpg --> brandilynnryder.com /images preview1-act.jpg
2011.04.21 14:37 B C:\Downloads\brweb\site\images\preview1.jpg --> brandilynnryder.com /images preview1.jpg
2011.04.21 14:37 B C:\Downloads\brweb\site\images\preview2-actx.jpg --> brandilynnryder.com /images preview2-actx.jpg
2011.04.21 14:37 B C:\Downloads\brweb\site\images\preview2x.jpg --> brandilynnryder.com /images preview2x.jpg
2011.04.21 14:37 B C:\Downloads\brweb\site\images\preview3-act.jpg --> brandilynnryder.com /images preview3-act.jpg
2011.04.21 14:37 B C:\Downloads\brweb\site\images\preview3.jpg --> brandilynnryder.com /images preview3.jpg
2011.04.21 14:37 B C:\Downloads\brweb\site\images\preview4-act.jpg --> brandilynnryder.com /images preview4-act.jpg
2011.04.21 14:37 B C:\Downloads\brweb\site\images\preview4-sprite.jpg --> brandilynnryder.com /images preview4-sprite.jpg
2011.04.21 14:37 B C:\Downloads\brweb\site\images\preview4.jpg --> brandilynnryder.com /images preview4.jpg
2011.04.21 14:37 B C:\Downloads\brweb\site\images\rainforest ii.jpg --> brandilynnryder.com /images rainforest ii.jpg
2011.04.21 14:37 B C:\Downloads\brweb\site\images\rhalf - Copy.jpg --> brandilynnryder.com /images rhalf - Copy.jpg
2011.04.21 14:37 B C:\Downloads\brweb\site\images\rhalf.jpg --> brandilynnryder.com /images rhalf.jpg
2011.04.21 14:37 B C:\Downloads\brweb\site\images\scroll.gif --> brandilynnryder.com /images scroll.gif
2011.04.21 14:37 B C:\Downloads\brweb\site\images\slider-bg.jpg --> brandilynnryder.com /images slider-bg.jpg
2011.04.21 14:37 B C:\Downloads\brweb\site\images\sm-logo1.gif --> brandilynnryder.com /images sm-logo1.gif
2011.04.21 14:37 B C:\Downloads\brweb\site\images\sm-logo2.gif --> brandilynnryder.com /images sm-logo2.gif
2011.04.21 14:38 B C:\Downloads\brweb\site\images\sm-logo3.gif --> brandilynnryder.com /images sm-logo3.gif
2011.04.21 14:38 B C:\Downloads\brweb\site\images\sm-logo4.gif --> brandilynnryder.com /images sm-logo4.gif
2011.04.21 14:38 B C:\Downloads\brweb\site\images\sm-logo5.gif --> brandilynnryder.com /images sm-logo5.gif
2011.04.21 14:38 B C:\Downloads\brweb\site\images\WS_FTP.LOG --> brandilynnryder.com /images WS_FTP.LOG
2011.04.22 14:11 B C:\Downloads\brweb\site\images\13b-sprite.jpg --> ticket2ryder.com /brweb/images 13b-sprite.jpg
2011.04.22 14:11 B C:\Downloads\brweb\site\images\15b-sprite.jpg --> ticket2ryder.com /brweb/images 15b-sprite.jpg
2011.04.22 14:11 B C:\Downloads\brweb\site\images\17b-sprite.jpg --> ticket2ryder.com /brweb/images 17b-sprite.jpg
2011.04.22 14:11 B C:\Downloads\brweb\site\images\19b-sprite.jpg --> ticket2ryder.com /brweb/images 19b-sprite.jpg
2011.04.22 14:11 B C:\Downloads\brweb\site\images\21b-sprite.jpg --> ticket2ryder.com /brweb/images 21b-sprite.jpg
2011.04.22 14:11 B C:\Downloads\brweb\site\images\13b-sprite.jpg --> brandilynnryder.com /images 13b-sprite.jpg
2011.04.22 14:11 B C:\Downloads\brweb\site\images\15b-sprite.jpg --> brandilynnryder.com /images 15b-sprite.jpg
2011.04.22 14:11 B C:\Downloads\brweb\site\images\17b-sprite.jpg --> brandilynnryder.com /images 17b-sprite.jpg
2011.04.22 14:11 B C:\Downloads\brweb\site\images\19b-sprite.jpg --> brandilynnryder.com /images 19b-sprite.jpg
2011.04.22 14:11 B C:\Downloads\brweb\site\images\21b-sprite.jpg --> brandilynnryder.com /images 21b-sprite.jpg
2011.04.23 09:44 B C:\Downloads\brweb\site\images\brandi-bio-3.jpg --> ticket2ryder.com /brweb/images brandi-bio-3.jpg
2011.04.23 09:56 B C:\Downloads\brweb\site\images\brandi-bio-3.jpg --> ticket2ryder.com /brweb/images brandi-bio-3.jpg
2011.04.23 09:56 B C:\Downloads\brweb\site\images\brandi-bio-3.jpg --> brandilynnryder.com /images brandi-bio-3.jpg
2011.04.24 11:49 B C:\Downloads\brweb\site\images\latest.gif --> ticket2ryder.com /brweb/images latest.gif
2011.04.24 11:50 B C:\Downloads\brweb\site\images\welcome.gif --> ticket2ryder.com /brweb/images welcome.gif
2011.04.24 13:19 B C:\Downloads\brweb\site\images\montage-a.jpg --> ticket2ryder.com /brweb/images montage-a.jpg
2011.04.24 13:19 B C:\Downloads\brweb\site\images\montage-b.jpg --> ticket2ryder.com /brweb/images montage-b.jpg
2011.04.24 13:19 B C:\Downloads\brweb\site\images\montage-c.jpg --> ticket2ryder.com /brweb/images montage-c.jpg
2011.04.24 13:19 B C:\Downloads\brweb\site\images\montage.jpg --> ticket2ryder.com /brweb/images montage.jpg
2011.04.24 14:34 B C:\Downloads\brweb\site\images\brandi-2.jpg --> ticket2ryder.com /brweb/images brandi-2.jpg
2011.04.24 17:47 B C:\Downloads\brweb\site\images\1-sprite.jpg --> brandilynnryder.com /images 1-sprite.jpg
2011.04.24 17:47 B C:\Downloads\brweb\site\images\1.jpg --> brandilynnryder.com /images 1.jpg
2011.04.24 17:47 B C:\Downloads\brweb\site\images\11-sprite.jpg --> brandilynnryder.com /images 11-sprite.jpg
2011.04.24 17:47 B C:\Downloads\brweb\site\images\11.jpg --> brandilynnryder.com /images 11.jpg
2011.04.24 17:47 B C:\Downloads\brweb\site\images\11b-sprite.jpg --> brandilynnryder.com /images 11b-sprite.jpg
2011.04.24 17:47 B C:\Downloads\brweb\site\images\13-sprite.jpg --> brandilynnryder.com /images 13-sprite.jpg
2011.04.24 17:47 B C:\Downloads\brweb\site\images\13.jpg --> brandilynnryder.com /images 13.jpg
2011.04.24 17:47 B C:\Downloads\brweb\site\images\13b-sprite.jpg --> brandilynnryder.com /images 13b-sprite.jpg
2011.04.24 17:47 B C:\Downloads\brweb\site\images\15-sprite.jpg --> brandilynnryder.com /images 15-sprite.jpg
2011.04.24 17:47 B C:\Downloads\brweb\site\images\15.jpg --> brandilynnryder.com /images 15.jpg
2011.04.24 17:47 B C:\Downloads\brweb\site\images\15b-sprite.jpg --> brandilynnryder.com /images 15b-sprite.jpg
2011.04.24 17:47 B C:\Downloads\brweb\site\images\17-sprite.jpg --> brandilynnryder.com /images 17-sprite.jpg
2011.04.24 17:47 B C:\Downloads\brweb\site\images\17.jpg --> brandilynnryder.com /images 17.jpg
2011.04.24 17:47 B C:\Downloads\brweb\site\images\17b-sprite.jpg --> brandilynnryder.com /images 17b-sprite.jpg
2011.04.24 17:47 B C:\Downloads\brweb\site\images\19-sprite.jpg --> brandilynnryder.com /images 19-sprite.jpg
2011.04.24 17:47 B C:\Downloads\brweb\site\images\19.jpg --> brandilynnryder.com /images 19.jpg
2011.04.24 17:47 B C:\Downloads\brweb\site\images\19b-sprite.jpg --> brandilynnryder.com /images 19b-sprite.jpg
2011.04.24 17:47 B C:\Downloads\brweb\site\images\1a-sprite.jpg --> brandilynnryder.com /images 1a-sprite.jpg
2011.04.24 17:47 B C:\Downloads\brweb\site\images\1b-sprite.jpg --> brandilynnryder.com /images 1b-sprite.jpg
2011.04.24 17:47 B C:\Downloads\brweb\site\images\1page-img1.jpg --> brandilynnryder.com /images 1page-img1.jpg
2011.04.24 17:47 B C:\Downloads\brweb\site\images\1page-img2.jpg --> brandilynnryder.com /images 1page-img2.jpg
2011.04.24 17:47 B C:\Downloads\brweb\site\images\21-sprite.jpg --> brandilynnryder.com /images 21-sprite.jpg
2011.04.24 17:47 B C:\Downloads\brweb\site\images\21b-sprite.jpg --> brandilynnryder.com /images 21b-sprite.jpg
2011.04.24 17:47 B C:\Downloads\brweb\site\images\23-sprite.jpg --> brandilynnryder.com /images 23-sprite.jpg
2011.04.24 17:47 B C:\Downloads\brweb\site\images\23.jpg --> brandilynnryder.com /images 23.jpg
2011.04.24 17:47 B C:\Downloads\brweb\site\images\25-sprite.jpg --> brandilynnryder.com /images 25-sprite.jpg
2011.04.24 17:47 B C:\Downloads\brweb\site\images\25.jpg --> brandilynnryder.com /images 25.jpg
2011.04.24 17:47 B C:\Downloads\brweb\site\images\27-sprite.jpg --> brandilynnryder.com /images 27-sprite.jpg
2011.04.24 17:47 B C:\Downloads\brweb\site\images\27.jpg --> brandilynnryder.com /images 27.jpg
2011.04.24 17:47 B C:\Downloads\brweb\site\images\29-sprite.jpg --> brandilynnryder.com /images 29-sprite.jpg
2011.04.24 17:47 B C:\Downloads\brweb\site\images\29.jpg --> brandilynnryder.com /images 29.jpg
2011.04.24 17:47 B C:\Downloads\brweb\site\images\2page-img1.jpg --> brandilynnryder.com /images 2page-img1.jpg
2011.04.24 17:47 B C:\Downloads\brweb\site\images\2page-img2.jpg --> brandilynnryder.com /images 2page-img2.jpg
2011.04.24 17:47 B C:\Downloads\brweb\site\images\3-sprite.jpg --> brandilynnryder.com /images 3-sprite.jpg
2011.04.24 17:47 B C:\Downloads\brweb\site\images\31-sprite.jpg --> brandilynnryder.com /images 31-sprite.jpg
2011.04.24 17:47 B C:\Downloads\brweb\site\images\31.jpg --> brandilynnryder.com /images 31.jpg
2011.04.24 17:47 B C:\Downloads\brweb\site\images\33-sprite.jpg --> brandilynnryder.com /images 33-sprite.jpg
2011.04.24 17:47 B C:\Downloads\brweb\site\images\33.jpg --> brandilynnryder.com /images 33.jpg
2011.04.24 17:47 B C:\Downloads\brweb\site\images\35-sprite.jpg --> brandilynnryder.com /images 35-sprite.jpg
2011.04.24 17:47 B C:\Downloads\brweb\site\images\35.jpg --> brandilynnryder.com /images 35.jpg
2011.04.24 17:47 B C:\Downloads\brweb\site\images\37-sprite.jpg --> brandilynnryder.com /images 37-sprite.jpg
2011.04.24 17:47 B C:\Downloads\brweb\site\images\37.jpg --> brandilynnryder.com /images 37.jpg
2011.04.24 17:47 B C:\Downloads\brweb\site\images\39-sprite.jpg --> brandilynnryder.com /images 39-sprite.jpg
2011.04.24 17:47 B C:\Downloads\brweb\site\images\39.jpg --> brandilynnryder.com /images 39.jpg
2011.04.24 17:47 B C:\Downloads\brweb\site\images\3b-sprite.jpg --> brandilynnryder.com /images 3b-sprite.jpg
2011.04.24 17:47 B C:\Downloads\brweb\site\images\3page-img1.jpg --> brandilynnryder.com /images 3page-img1.jpg
2011.04.24 17:47 B C:\Downloads\brweb\site\images\3page-img2.jpg --> brandilynnryder.com /images 3page-img2.jpg
2011.04.24 17:47 B C:\Downloads\brweb\site\images\3page-img3.jpg --> brandilynnryder.com /images 3page-img3.jpg
2011.04.24 17:47 B C:\Downloads\brweb\site\images\3page-img4.jpg --> brandilynnryder.com /images 3page-img4.jpg
2011.04.24 17:47 B C:\Downloads\brweb\site\images\41-sprite.jpg --> brandilynnryder.com /images 41-sprite.jpg
2011.04.24 17:47 B C:\Downloads\brweb\site\images\41.jpg --> brandilynnryder.com /images 41.jpg
2011.04.24 17:47 B C:\Downloads\brweb\site\images\42-sprite.jpg --> brandilynnryder.com /images 42-sprite.jpg
2011.04.24 17:47 B C:\Downloads\brweb\site\images\42.jpg --> brandilynnryder.com /images 42.jpg
2011.04.24 17:47 B C:\Downloads\brweb\site\images\43-sprite.jpg --> brandilynnryder.com /images 43-sprite.jpg
2011.04.24 17:47 B C:\Downloads\brweb\site\images\43.jpg --> brandilynnryder.com /images 43.jpg
2011.04.24 17:47 B C:\Downloads\brweb\site\images\46-sprite.jpg --> brandilynnryder.com /images 46-sprite.jpg
2011.04.24 17:47 B C:\Downloads\brweb\site\images\46.jpg --> brandilynnryder.com /images 46.jpg
2011.04.24 17:47 B C:\Downloads\brweb\site\images\47-sprite.jpg --> brandilynnryder.com /images 47-sprite.jpg
2011.04.24 17:47 B C:\Downloads\brweb\site\images\47.jpg --> brandilynnryder.com /images 47.jpg
2011.04.24 17:47 B C:\Downloads\brweb\site\images\49-sprite.jpg --> brandilynnryder.com /images 49-sprite.jpg
2011.04.24 17:47 B C:\Downloads\brweb\site\images\49.jpg --> brandilynnryder.com /images 49.jpg
2011.04.24 17:47 B C:\Downloads\brweb\site\images\4page-img1.jpg --> brandilynnryder.com /images 4page-img1.jpg
2011.04.24 17:47 B C:\Downloads\brweb\site\images\4page-img2.jpg --> brandilynnryder.com /images 4page-img2.jpg
2011.04.24 17:47 B C:\Downloads\brweb\site\images\5-sprite.jpg --> brandilynnryder.com /images 5-sprite.jpg
2011.04.24 17:47 B C:\Downloads\brweb\site\images\5.jpg --> brandilynnryder.com /images 5.jpg
2011.04.24 17:47 B C:\Downloads\brweb\site\images\5b-sprite.jpg --> brandilynnryder.com /images 5b-sprite.jpg
2011.04.24 17:47 B C:\Downloads\brweb\site\images\5page-img1.jpg --> brandilynnryder.com /images 5page-img1.jpg
2011.04.24 17:47 B C:\Downloads\brweb\site\images\5page-img2.jpg --> brandilynnryder.com /images 5page-img2.jpg
2011.04.24 17:47 B C:\Downloads\brweb\site\images\6page-img1.jpg --> brandilynnryder.com /images 6page-img1.jpg
2011.04.24 17:47 B C:\Downloads\brweb\site\images\6page-img2.jpg --> brandilynnryder.com /images 6page-img2.jpg
2011.04.24 17:47 B C:\Downloads\brweb\site\images\6page-img3.jpg --> brandilynnryder.com /images 6page-img3.jpg
2011.04.24 17:47 B C:\Downloads\brweb\site\images\7-sprite.jpg --> brandilynnryder.com /images 7-sprite.jpg
2011.04.24 17:47 B C:\Downloads\brweb\site\images\7.jpg --> brandilynnryder.com /images 7.jpg
2011.04.24 17:47 B C:\Downloads\brweb\site\images\7b-sprite.jpg --> brandilynnryder.com /images 7b-sprite.jpg
2011.04.24 17:47 B C:\Downloads\brweb\site\images\7page-img1.jpg --> brandilynnryder.com /images 7page-img1.jpg
2011.04.24 17:47 B C:\Downloads\brweb\site\images\9-sprite.jpg --> brandilynnryder.com /images 9-sprite.jpg
2011.04.24 17:47 B C:\Downloads\brweb\site\images\9.jpg --> brandilynnryder.com /images 9.jpg
2011.04.24 17:47 B C:\Downloads\brweb\site\images\9b-sprite.jpg --> brandilynnryder.com /images 9b-sprite.jpg
2011.04.24 17:47 B C:\Downloads\brweb\site\images\arrow1.gif --> brandilynnryder.com /images arrow1.gif
2011.04.24 17:47 B C:\Downloads\brweb\site\images\Baker Lake.jpg --> brandilynnryder.com /images Baker Lake.jpg
2011.04.24 17:47 B C:\Downloads\brweb\site\images\bio-page-br.jpg --> brandilynnryder.com /images bio-page-br.jpg
2011.04.24 17:47 B C:\Downloads\brweb\site\images\bio-page-br2.jpg --> brandilynnryder.com /images bio-page-br2.jpg
2011.04.24 17:47 B C:\Downloads\brweb\site\images\bio-pic.jpg --> brandilynnryder.com /images bio-pic.jpg
2011.04.24 17:47 B C:\Downloads\brweb\site\images\brandi-2.jpg --> brandilynnryder.com /images brandi-2.jpg
2011.04.24 17:47 B C:\Downloads\brweb\site\images\brandi-bio-3 - Copy.jpg --> brandilynnryder.com /images brandi-bio-3 - Copy.jpg
2011.04.24 17:47 B C:\Downloads\brweb\site\images\brandi-bio-3.jpg --> brandilynnryder.com /images brandi-bio-3.jpg
2011.04.24 17:47 B C:\Downloads\brweb\site\images\brandi-new-bw.jpg --> brandilynnryder.com /images brandi-new-bw.jpg
2011.04.24 17:47 B C:\Downloads\brweb\site\images\brandi-new-color.jpg --> brandilynnryder.com /images brandi-new-color.jpg
2011.04.24 17:47 B C:\Downloads\brweb\site\images\brandi-new.jpg --> brandilynnryder.com /images brandi-new.jpg
2011.04.24 17:47 B C:\Downloads\brweb\site\images\brandi.jpg --> brandilynnryder.com /images brandi.jpg
2011.04.24 17:48 B C:\Downloads\brweb\site\images\collector-bw.jpg --> brandilynnryder.com /images collector-bw.jpg
2011.04.24 17:48 B C:\Downloads\brweb\site\images\collector-x-bw.jpg --> brandilynnryder.com /images collector-x-bw.jpg
2011.04.24 17:48 B C:\Downloads\brweb\site\images\collector-x.jpg --> brandilynnryder.com /images collector-x.jpg
2011.04.24 17:48 B C:\Downloads\brweb\site\images\collector.jpg --> brandilynnryder.com /images collector.jpg
2011.04.24 17:48 B C:\Downloads\brweb\site\images\content-bg.jpg --> brandilynnryder.com /images content-bg.jpg
2011.04.24 17:48 B C:\Downloads\brweb\site\images\cover.jpg --> brandilynnryder.com /images cover.jpg
2011.04.24 17:48 B C:\Downloads\brweb\site\images\drag.gif --> brandilynnryder.com /images drag.gif
2011.04.24 17:48 B C:\Downloads\brweb\site\images\footer-bg.gif --> brandilynnryder.com /images footer-bg.gif
2011.04.24 17:48 B C:\Downloads\brweb\site\images\footer-logo.gif --> brandilynnryder.com /images footer-logo.gif
2011.04.24 17:48 B C:\Downloads\brweb\site\images\frame-1.jpg --> brandilynnryder.com /images frame-1.jpg
2011.04.24 17:48 B C:\Downloads\brweb\site\images\frame-2.jpg --> brandilynnryder.com /images frame-2.jpg
2011.04.24 17:48 B C:\Downloads\brweb\site\images\frame-test.jpg --> brandilynnryder.com /images frame-test.jpg
2011.04.24 17:48 B C:\Downloads\brweb\site\images\frame-x-sprite.jpg --> brandilynnryder.com /images frame-x-sprite.jpg
2011.04.24 17:48 B C:\Downloads\brweb\site\images\front.jpg --> brandilynnryder.com /images front.jpg
2011.04.24 17:48 B C:\Downloads\brweb\site\images\gallery.jpg --> brandilynnryder.com /images gallery.jpg
2011.04.24 17:48 B C:\Downloads\brweb\site\images\header-bg.jpg --> brandilynnryder.com /images header-bg.jpg
2011.04.24 17:48 B C:\Downloads\brweb\site\images\icon-facebook-alt.gif --> brandilynnryder.com /images icon-facebook-alt.gif
2011.04.24 17:48 B C:\Downloads\brweb\site\images\icon-facebook.jpg --> brandilynnryder.com /images icon-facebook.jpg
2011.04.24 17:48 B C:\Downloads\brweb\site\images\icon-flickr.jpg --> brandilynnryder.com /images icon-flickr.jpg
2011.04.24 17:48 B C:\Downloads\brweb\site\images\icon-rss-alt.gif --> brandilynnryder.com /images icon-rss-alt.gif
2011.04.24 17:48 B C:\Downloads\brweb\site\images\icon-tech.jpg --> brandilynnryder.com /images icon-tech.jpg
2011.04.24 17:48 B C:\Downloads\brweb\site\images\icon-twitter-alt.gif --> brandilynnryder.com /images icon-twitter-alt.gif
2011.04.24 17:48 B C:\Downloads\brweb\site\images\icon-twitter.jpg --> brandilynnryder.com /images icon-twitter.jpg
2011.04.24 17:48 B C:\Downloads\brweb\site\images\IMG_9809-rps.jpg --> brandilynnryder.com /images IMG_9809-rps.jpg
2011.04.24 17:48 B C:\Downloads\brweb\site\images\lake.jpg --> brandilynnryder.com /images lake.jpg
2011.04.24 17:48 B C:\Downloads\brweb\site\images\land.jpg --> brandilynnryder.com /images land.jpg
2011.04.24 17:48 B C:\Downloads\brweb\site\images\land2.jpg --> brandilynnryder.com /images land2.jpg
2011.04.24 17:48 B C:\Downloads\brweb\site\images\latest.gif --> brandilynnryder.com /images latest.gif
2011.04.24 17:48 B C:\Downloads\brweb\site\images\lhalf - Copy.jpg --> brandilynnryder.com /images lhalf - Copy.jpg
2011.04.24 17:48 B C:\Downloads\brweb\site\images\lhalf.jpg --> brandilynnryder.com /images lhalf.jpg
2011.04.24 17:48 B C:\Downloads\brweb\site\images\link1-bg.gif --> brandilynnryder.com /images link1-bg.gif
2011.04.24 17:48 B C:\Downloads\brweb\site\images\link1-left.gif --> brandilynnryder.com /images link1-left.gif
2011.04.24 17:48 B C:\Downloads\brweb\site\images\link1-right.gif --> brandilynnryder.com /images link1-right.gif
2011.04.24 17:48 B C:\Downloads\brweb\site\images\logo-br.gif --> brandilynnryder.com /images logo-br.gif
2011.04.24 17:48 B C:\Downloads\brweb\site\images\logo.gif --> brandilynnryder.com /images logo.gif
2011.04.24 17:48 B C:\Downloads\brweb\site\images\logo.jpg --> brandilynnryder.com /images logo.jpg
2011.04.24 17:48 B C:\Downloads\brweb\site\images\logo2.gif --> brandilynnryder.com /images logo2.gif
2011.04.24 17:48 B C:\Downloads\brweb\site\images\main-bg.jpg --> brandilynnryder.com /images main-bg.jpg
2011.04.24 17:48 B C:\Downloads\brweb\site\images\montage-a.jpg --> brandilynnryder.com /images montage-a.jpg
2011.04.24 17:48 B C:\Downloads\brweb\site\images\montage-b.jpg --> brandilynnryder.com /images montage-b.jpg
2011.04.24 17:48 B C:\Downloads\brweb\site\images\montage-c.jpg --> brandilynnryder.com /images montage-c.jpg
2011.04.24 17:48 B C:\Downloads\brweb\site\images\montage.jpg --> brandilynnryder.com /images montage.jpg
2011.04.24 17:48 B C:\Downloads\brweb\site\images\Mt. Baker-- lake.jpg --> brandilynnryder.com /images Mt. Baker-- lake.jpg
2011.04.24 17:48 B C:\Downloads\brweb\site\images\nav-bg.gif --> brandilynnryder.com /images nav-bg.gif
2011.04.24 17:48 B C:\Downloads\brweb\site\images\next-act.gif --> brandilynnryder.com /images next-act.gif
2011.04.24 17:48 B C:\Downloads\brweb\site\images\next-sprite.gif --> brandilynnryder.com /images next-sprite.gif
2011.04.24 17:48 B C:\Downloads\brweb\site\images\prev-sprite.gif --> brandilynnryder.com /images prev-sprite.gif
2011.04.24 17:48 B C:\Downloads\brweb\site\images\prev.gif --> brandilynnryder.com /images prev.gif
2011.04.24 17:48 B C:\Downloads\brweb\site\images\preview1-act.jpg --> brandilynnryder.com /images preview1-act.jpg
2011.04.24 17:48 B C:\Downloads\brweb\site\images\preview1.jpg --> brandilynnryder.com /images preview1.jpg
2011.04.24 17:48 B C:\Downloads\brweb\site\images\preview2-actx.jpg --> brandilynnryder.com /images preview2-actx.jpg
2011.04.24 17:48 B C:\Downloads\brweb\site\images\preview2x.jpg --> brandilynnryder.com /images preview2x.jpg
2011.04.24 17:48 B C:\Downloads\brweb\site\images\preview3-act.jpg --> brandilynnryder.com /images preview3-act.jpg
2011.04.24 17:48 B C:\Downloads\brweb\site\images\preview3.jpg --> brandilynnryder.com /images preview3.jpg
2011.04.24 17:48 B C:\Downloads\brweb\site\images\preview4-act.jpg --> brandilynnryder.com /images preview4-act.jpg
2011.04.24 17:48 B C:\Downloads\brweb\site\images\preview4-sprite.jpg --> brandilynnryder.com /images preview4-sprite.jpg
2011.04.24 17:48 B C:\Downloads\brweb\site\images\preview4.jpg --> brandilynnryder.com /images preview4.jpg
2011.04.24 17:48 B C:\Downloads\brweb\site\images\rainforest ii.jpg --> brandilynnryder.com /images rainforest ii.jpg
2011.04.24 17:48 B C:\Downloads\brweb\site\images\rhalf - Copy.jpg --> brandilynnryder.com /images rhalf - Copy.jpg
2011.04.24 17:48 B C:\Downloads\brweb\site\images\rhalf.jpg --> brandilynnryder.com /images rhalf.jpg
2011.04.24 17:48 B C:\Downloads\brweb\site\images\scroll.gif --> brandilynnryder.com /images scroll.gif
2011.04.24 17:48 B C:\Downloads\brweb\site\images\slider-bg.jpg --> brandilynnryder.com /images slider-bg.jpg
2011.04.24 17:48 B C:\Downloads\brweb\site\images\sm-logo1.gif --> brandilynnryder.com /images sm-logo1.gif
2011.04.24 17:48 B C:\Downloads\brweb\site\images\sm-logo2.gif --> brandilynnryder.com /images sm-logo2.gif
2011.04.24 17:48 B C:\Downloads\brweb\site\images\sm-logo3.gif --> brandilynnryder.com /images sm-logo3.gif
2011.04.24 17:48 B C:\Downloads\brweb\site\images\sm-logo4.gif --> brandilynnryder.com /images sm-logo4.gif
2011.04.24 17:48 B C:\Downloads\brweb\site\images\sm-logo5.gif --> brandilynnryder.com /images sm-logo5.gif
2011.04.24 17:48 B C:\Downloads\brweb\site\images\welcome.gif --> brandilynnryder.com /images welcome.gif
2011.04.24 17:48 B C:\Downloads\brweb\site\images\WS_FTP.LOG --> brandilynnryder.com /images WS_FTP.LOG
2011.04.24 20:18 B C:\Downloads\brweb\site\images\mic.gif --> ticket2ryder.com /brweb/images mic.gif
2011.04.24 20:18 B C:\Downloads\brweb\site\images\mic-small.gif --> ticket2ryder.com /brweb/images mic-small.gif
2011.04.25 12:54 B C:\Downloads\brweb\site\images\open-book-s.jpg --> ticket2ryder.com /brweb/images open-book-s.jpg
2011.04.25 16:56 B C:\Downloads\mbrweb\site\images\1-sprite.jpg --> ticket2ryder.com /mbrweb/site/images 1-sprite.jpg
2011.04.25 16:56 B C:\Downloads\mbrweb\site\images\1.jpg --> ticket2ryder.com /mbrweb/site/images 1.jpg
2011.04.25 16:56 B C:\Downloads\mbrweb\site\images\11-sprite.jpg --> ticket2ryder.com /mbrweb/site/images 11-sprite.jpg
2011.04.25 16:56 B C:\Downloads\mbrweb\site\images\11.jpg --> ticket2ryder.com /mbrweb/site/images 11.jpg
2011.04.25 16:56 B C:\Downloads\mbrweb\site\images\11b-sprite.jpg --> ticket2ryder.com /mbrweb/site/images 11b-sprite.jpg
2011.04.25 16:56 B C:\Downloads\mbrweb\site\images\13-sprite.jpg --> ticket2ryder.com /mbrweb/site/images 13-sprite.jpg
2011.04.25 16:56 B C:\Downloads\mbrweb\site\images\13.jpg --> ticket2ryder.com /mbrweb/site/images 13.jpg
2011.04.25 16:56 B C:\Downloads\mbrweb\site\images\13b-sprite.jpg --> ticket2ryder.com /mbrweb/site/images 13b-sprite.jpg
2011.04.25 16:56 B C:\Downloads\mbrweb\site\images\15-sprite.jpg --> ticket2ryder.com /mbrweb/site/images 15-sprite.jpg
2011.04.25 16:56 B C:\Downloads\mbrweb\site\images\15.jpg --> ticket2ryder.com /mbrweb/site/images 15.jpg
2011.04.25 16:56 B C:\Downloads\mbrweb\site\images\15b-sprite.jpg --> ticket2ryder.com /mbrweb/site/images 15b-sprite.jpg
2011.04.25 16:56 B C:\Downloads\mbrweb\site\images\17-sprite.jpg --> ticket2ryder.com /mbrweb/site/images 17-sprite.jpg
2011.04.25 16:56 B C:\Downloads\mbrweb\site\images\17.jpg --> ticket2ryder.com /mbrweb/site/images 17.jpg
2011.04.25 16:56 B C:\Downloads\mbrweb\site\images\17b-sprite.jpg --> ticket2ryder.com /mbrweb/site/images 17b-sprite.jpg
2011.04.25 16:56 B C:\Downloads\mbrweb\site\images\19-sprite.jpg --> ticket2ryder.com /mbrweb/site/images 19-sprite.jpg
2011.04.25 16:56 B C:\Downloads\mbrweb\site\images\19.jpg --> ticket2ryder.com /mbrweb/site/images 19.jpg
2011.04.25 16:56 B C:\Downloads\mbrweb\site\images\19b-sprite.jpg --> ticket2ryder.com /mbrweb/site/images 19b-sprite.jpg
2011.04.25 16:56 B C:\Downloads\mbrweb\site\images\1a-sprite.jpg --> ticket2ryder.com /mbrweb/site/images 1a-sprite.jpg
2011.04.25 16:56 B C:\Downloads\mbrweb\site\images\1b-sprite.jpg --> ticket2ryder.com /mbrweb/site/images 1b-sprite.jpg
2011.04.25 16:56 B C:\Downloads\mbrweb\site\images\1page-img1.jpg --> ticket2ryder.com /mbrweb/site/images 1page-img1.jpg
2011.04.25 16:56 B C:\Downloads\mbrweb\site\images\1page-img2.jpg --> ticket2ryder.com /mbrweb/site/images 1page-img2.jpg
2011.04.25 16:56 B C:\Downloads\mbrweb\site\images\21-sprite.jpg --> ticket2ryder.com /mbrweb/site/images 21-sprite.jpg
2011.04.25 16:56 B C:\Downloads\mbrweb\site\images\21b-sprite.jpg --> ticket2ryder.com /mbrweb/site/images 21b-sprite.jpg
2011.04.25 16:56 B C:\Downloads\mbrweb\site\images\23-sprite.jpg --> ticket2ryder.com /mbrweb/site/images 23-sprite.jpg
2011.04.25 16:56 B C:\Downloads\mbrweb\site\images\23.jpg --> ticket2ryder.com /mbrweb/site/images 23.jpg
2011.04.25 16:56 B C:\Downloads\mbrweb\site\images\25-sprite.jpg --> ticket2ryder.com /mbrweb/site/images 25-sprite.jpg
2011.04.25 16:56 B C:\Downloads\mbrweb\site\images\25.jpg --> ticket2ryder.com /mbrweb/site/images 25.jpg
2011.04.25 16:56 B C:\Downloads\mbrweb\site\images\27-sprite.jpg --> ticket2ryder.com /mbrweb/site/images 27-sprite.jpg
2011.04.25 16:56 B C:\Downloads\mbrweb\site\images\27.jpg --> ticket2ryder.com /mbrweb/site/images 27.jpg
2011.04.25 16:56 B C:\Downloads\mbrweb\site\images\29-sprite.jpg --> ticket2ryder.com /mbrweb/site/images 29-sprite.jpg
2011.04.25 16:56 B C:\Downloads\mbrweb\site\images\29.jpg --> ticket2ryder.com /mbrweb/site/images 29.jpg
2011.04.25 16:56 B C:\Downloads\mbrweb\site\images\2page-img1.jpg --> ticket2ryder.com /mbrweb/site/images 2page-img1.jpg
2011.04.25 16:56 B C:\Downloads\mbrweb\site\images\2page-img2.jpg --> ticket2ryder.com /mbrweb/site/images 2page-img2.jpg
2011.04.25 16:56 B C:\Downloads\mbrweb\site\images\3-sprite.jpg --> ticket2ryder.com /mbrweb/site/images 3-sprite.jpg
2011.04.25 16:56 B C:\Downloads\mbrweb\site\images\31-sprite.jpg --> ticket2ryder.com /mbrweb/site/images 31-sprite.jpg
2011.04.25 16:56 B C:\Downloads\mbrweb\site\images\31.jpg --> ticket2ryder.com /mbrweb/site/images 31.jpg
2011.04.25 16:56 B C:\Downloads\mbrweb\site\images\33-sprite.jpg --> ticket2ryder.com /mbrweb/site/images 33-sprite.jpg
2011.04.25 16:56 B C:\Downloads\mbrweb\site\images\33.jpg --> ticket2ryder.com /mbrweb/site/images 33.jpg
2011.04.25 16:56 B C:\Downloads\mbrweb\site\images\35-sprite.jpg --> ticket2ryder.com /mbrweb/site/images 35-sprite.jpg
2011.04.25 16:56 B C:\Downloads\mbrweb\site\images\35.jpg --> ticket2ryder.com /mbrweb/site/images 35.jpg
2011.04.25 16:56 B C:\Downloads\mbrweb\site\images\37-sprite.jpg --> ticket2ryder.com /mbrweb/site/images 37-sprite.jpg
2011.04.25 16:56 B C:\Downloads\mbrweb\site\images\37.jpg --> ticket2ryder.com /mbrweb/site/images 37.jpg
2011.04.25 16:56 B C:\Downloads\mbrweb\site\images\39-sprite.jpg --> ticket2ryder.com /mbrweb/site/images 39-sprite.jpg
2011.04.25 16:56 B C:\Downloads\mbrweb\site\images\39.jpg --> ticket2ryder.com /mbrweb/site/images 39.jpg
2011.04.25 16:56 B C:\Downloads\mbrweb\site\images\3b-sprite.jpg --> ticket2ryder.com /mbrweb/site/images 3b-sprite.jpg
2011.04.25 16:56 B C:\Downloads\mbrweb\site\images\3page-img1.jpg --> ticket2ryder.com /mbrweb/site/images 3page-img1.jpg
2011.04.25 16:56 B C:\Downloads\mbrweb\site\images\3page-img2.jpg --> ticket2ryder.com /mbrweb/site/images 3page-img2.jpg
2011.04.25 16:56 B C:\Downloads\mbrweb\site\images\3page-img3.jpg --> ticket2ryder.com /mbrweb/site/images 3page-img3.jpg
2011.04.25 16:56 B C:\Downloads\mbrweb\site\images\3page-img4.jpg --> ticket2ryder.com /mbrweb/site/images 3page-img4.jpg
2011.04.25 16:56 B C:\Downloads\mbrweb\site\images\41-sprite.jpg --> ticket2ryder.com /mbrweb/site/images 41-sprite.jpg
2011.04.25 16:56 B C:\Downloads\mbrweb\site\images\41.jpg --> ticket2ryder.com /mbrweb/site/images 41.jpg
2011.04.25 16:56 B C:\Downloads\mbrweb\site\images\42-sprite.jpg --> ticket2ryder.com /mbrweb/site/images 42-sprite.jpg
2011.04.25 16:56 B C:\Downloads\mbrweb\site\images\42.jpg --> ticket2ryder.com /mbrweb/site/images 42.jpg
2011.04.25 16:56 B C:\Downloads\mbrweb\site\images\43-sprite.jpg --> ticket2ryder.com /mbrweb/site/images 43-sprite.jpg
2011.04.25 16:56 B C:\Downloads\mbrweb\site\images\43.jpg --> ticket2ryder.com /mbrweb/site/images 43.jpg
2011.04.25 16:56 B C:\Downloads\mbrweb\site\images\46-sprite.jpg --> ticket2ryder.com /mbrweb/site/images 46-sprite.jpg
2011.04.25 16:56 B C:\Downloads\mbrweb\site\images\46.jpg --> ticket2ryder.com /mbrweb/site/images 46.jpg
2011.04.25 16:56 B C:\Downloads\mbrweb\site\images\47-sprite.jpg --> ticket2ryder.com /mbrweb/site/images 47-sprite.jpg
2011.04.25 16:56 B C:\Downloads\mbrweb\site\images\47.jpg --> ticket2ryder.com /mbrweb/site/images 47.jpg
2011.04.25 16:56 B C:\Downloads\mbrweb\site\images\49-sprite.jpg --> ticket2ryder.com /mbrweb/site/images 49-sprite.jpg
2011.04.25 16:56 B C:\Downloads\mbrweb\site\images\49.jpg --> ticket2ryder.com /mbrweb/site/images 49.jpg
2011.04.25 16:56 B C:\Downloads\mbrweb\site\images\4page-img1.jpg --> ticket2ryder.com /mbrweb/site/images 4page-img1.jpg
2011.04.25 16:56 B C:\Downloads\mbrweb\site\images\4page-img2.jpg --> ticket2ryder.com /mbrweb/site/images 4page-img2.jpg
2011.04.25 16:56 B C:\Downloads\mbrweb\site\images\5-sprite.jpg --> ticket2ryder.com /mbrweb/site/images 5-sprite.jpg
2011.04.25 16:56 B C:\Downloads\mbrweb\site\images\5.jpg --> ticket2ryder.com /mbrweb/site/images 5.jpg
2011.04.25 16:56 B C:\Downloads\mbrweb\site\images\5b-sprite.jpg --> ticket2ryder.com /mbrweb/site/images 5b-sprite.jpg
2011.04.25 16:56 B C:\Downloads\mbrweb\site\images\5page-img1.jpg --> ticket2ryder.com /mbrweb/site/images 5page-img1.jpg
2011.04.25 16:56 B C:\Downloads\mbrweb\site\images\5page-img2.jpg --> ticket2ryder.com /mbrweb/site/images 5page-img2.jpg
2011.04.25 16:56 B C:\Downloads\mbrweb\site\images\6page-img1.jpg --> ticket2ryder.com /mbrweb/site/images 6page-img1.jpg
2011.04.25 16:56 B C:\Downloads\mbrweb\site\images\6page-img2.jpg --> ticket2ryder.com /mbrweb/site/images 6page-img2.jpg
2011.04.25 16:56 B C:\Downloads\mbrweb\site\images\6page-img3.jpg --> ticket2ryder.com /mbrweb/site/images 6page-img3.jpg
2011.04.25 16:56 B C:\Downloads\mbrweb\site\images\7-sprite.jpg --> ticket2ryder.com /mbrweb/site/images 7-sprite.jpg
2011.04.25 16:56 B C:\Downloads\mbrweb\site\images\7.jpg --> ticket2ryder.com /mbrweb/site/images 7.jpg
2011.04.25 16:56 B C:\Downloads\mbrweb\site\images\7b-sprite.jpg --> ticket2ryder.com /mbrweb/site/images 7b-sprite.jpg
2011.04.25 16:56 B C:\Downloads\mbrweb\site\images\7page-img1.jpg --> ticket2ryder.com /mbrweb/site/images 7page-img1.jpg
2011.04.25 16:57 B C:\Downloads\mbrweb\site\images\9-sprite.jpg --> ticket2ryder.com /mbrweb/site/images 9-sprite.jpg
2011.04.25 16:57 B C:\Downloads\mbrweb\site\images\9.jpg --> ticket2ryder.com /mbrweb/site/images 9.jpg
2011.04.25 16:57 B C:\Downloads\mbrweb\site\images\9b-sprite.jpg --> ticket2ryder.com /mbrweb/site/images 9b-sprite.jpg
2011.04.25 16:57 B C:\Downloads\mbrweb\site\images\arrow1.gif --> ticket2ryder.com /mbrweb/site/images arrow1.gif
2011.04.25 16:57 B C:\Downloads\mbrweb\site\images\bio-page-br.jpg --> ticket2ryder.com /mbrweb/site/images bio-page-br.jpg
2011.04.25 16:57 B C:\Downloads\mbrweb\site\images\bio-page-br2.jpg --> ticket2ryder.com /mbrweb/site/images bio-page-br2.jpg
2011.04.25 16:57 B C:\Downloads\mbrweb\site\images\bio-pic.jpg --> ticket2ryder.com /mbrweb/site/images bio-pic.jpg
2011.04.25 16:57 B C:\Downloads\mbrweb\site\images\brandi-2.jpg --> ticket2ryder.com /mbrweb/site/images brandi-2.jpg
2011.04.25 16:57 B C:\Downloads\mbrweb\site\images\brandi-bio-3 - Copy.jpg --> ticket2ryder.com /mbrweb/site/images brandi-bio-3 - Copy.jpg
2011.04.25 16:57 B C:\Downloads\mbrweb\site\images\brandi-bio-3.jpg --> ticket2ryder.com /mbrweb/site/images brandi-bio-3.jpg
2011.04.25 16:57 B C:\Downloads\mbrweb\site\images\brandi-new-bw.jpg --> ticket2ryder.com /mbrweb/site/images brandi-new-bw.jpg
2011.04.25 16:57 B C:\Downloads\mbrweb\site\images\brandi-new.jpg --> ticket2ryder.com /mbrweb/site/images brandi-new.jpg
2011.04.25 16:57 B C:\Downloads\mbrweb\site\images\brandi.jpg --> ticket2ryder.com /mbrweb/site/images brandi.jpg
2011.04.25 16:57 B C:\Downloads\mbrweb\site\images\collector-bw.jpg --> ticket2ryder.com /mbrweb/site/images collector-bw.jpg
2011.04.25 16:57 B C:\Downloads\mbrweb\site\images\collector-x-bw.jpg --> ticket2ryder.com /mbrweb/site/images collector-x-bw.jpg
2011.04.25 16:57 B C:\Downloads\mbrweb\site\images\collector-x.jpg --> ticket2ryder.com /mbrweb/site/images collector-x.jpg
2011.04.25 16:57 B C:\Downloads\mbrweb\site\images\collector.jpg --> ticket2ryder.com /mbrweb/site/images collector.jpg
2011.04.25 16:57 B C:\Downloads\mbrweb\site\images\content-bg.jpg --> ticket2ryder.com /mbrweb/site/images content-bg.jpg
2011.04.25 16:57 B C:\Downloads\mbrweb\site\images\cover.jpg --> ticket2ryder.com /mbrweb/site/images cover.jpg
2011.04.25 16:57 B C:\Downloads\mbrweb\site\images\drag.gif --> ticket2ryder.com /mbrweb/site/images drag.gif
2011.04.25 16:57 B C:\Downloads\mbrweb\site\images\footer-bg.gif --> ticket2ryder.com /mbrweb/site/images footer-bg.gif
2011.04.25 16:57 B C:\Downloads\mbrweb\site\images\footer-logo.gif --> ticket2ryder.com /mbrweb/site/images footer-logo.gif
2011.04.25 16:57 B C:\Downloads\mbrweb\site\images\frame-2.jpg --> ticket2ryder.com /mbrweb/site/images frame-2.jpg
2011.04.25 16:57 B C:\Downloads\mbrweb\site\images\frame-test.jpg --> ticket2ryder.com /mbrweb/site/images frame-test.jpg
2011.04.25 16:57 B C:\Downloads\mbrweb\site\images\frame-x-sprite.jpg --> ticket2ryder.com /mbrweb/site/images frame-x-sprite.jpg
2011.04.25 16:57 B C:\Downloads\mbrweb\site\images\front.jpg --> ticket2ryder.com /mbrweb/site/images front.jpg
2011.04.25 16:57 B C:\Downloads\mbrweb\site\images\gallery.jpg --> ticket2ryder.com /mbrweb/site/images gallery.jpg
2011.04.25 16:57 B C:\Downloads\mbrweb\site\images\header-bg.jpg --> ticket2ryder.com /mbrweb/site/images header-bg.jpg
2011.04.25 16:57 B C:\Downloads\mbrweb\site\images\icon-facebook-alt.gif --> ticket2ryder.com /mbrweb/site/images icon-facebook-alt.gif
2011.04.25 16:57 B C:\Downloads\mbrweb\site\images\icon-facebook.jpg --> ticket2ryder.com /mbrweb/site/images icon-facebook.jpg
2011.04.25 16:57 B C:\Downloads\mbrweb\site\images\icon-flickr.jpg --> ticket2ryder.com /mbrweb/site/images icon-flickr.jpg
2011.04.25 16:57 B C:\Downloads\mbrweb\site\images\icon-rss-alt.gif --> ticket2ryder.com /mbrweb/site/images icon-rss-alt.gif
2011.04.25 16:57 B C:\Downloads\mbrweb\site\images\icon-tech.jpg --> ticket2ryder.com /mbrweb/site/images icon-tech.jpg
2011.04.25 16:57 B C:\Downloads\mbrweb\site\images\icon-twitter-alt.gif --> ticket2ryder.com /mbrweb/site/images icon-twitter-alt.gif
2011.04.25 16:57 B C:\Downloads\mbrweb\site\images\icon-twitter.jpg --> ticket2ryder.com /mbrweb/site/images icon-twitter.jpg
2011.04.25 16:57 B C:\Downloads\mbrweb\site\images\icon_audio.gif --> ticket2ryder.com /mbrweb/site/images icon_audio.gif
2011.04.25 16:57 B C:\Downloads\mbrweb\site\images\IMG_9809-rps.jpg --> ticket2ryder.com /mbrweb/site/images IMG_9809-rps.jpg
2011.04.25 16:57 B C:\Downloads\mbrweb\site\images\lake.jpg --> ticket2ryder.com /mbrweb/site/images lake.jpg
2011.04.25 16:57 B C:\Downloads\mbrweb\site\images\latest.gif --> ticket2ryder.com /mbrweb/site/images latest.gif
2011.04.25 16:57 B C:\Downloads\mbrweb\site\images\lhalf.jpg --> ticket2ryder.com /mbrweb/site/images lhalf.jpg
2011.04.25 16:57 B C:\Downloads\mbrweb\site\images\link1-bg.gif --> ticket2ryder.com /mbrweb/site/images link1-bg.gif
2011.04.25 16:57 B C:\Downloads\mbrweb\site\images\link1-left.gif --> ticket2ryder.com /mbrweb/site/images link1-left.gif
2011.04.25 16:57 B C:\Downloads\mbrweb\site\images\link1-right.gif --> ticket2ryder.com /mbrweb/site/images link1-right.gif
2011.04.25 16:57 B C:\Downloads\mbrweb\site\images\logo-br.gif --> ticket2ryder.com /mbrweb/site/images logo-br.gif
2011.04.25 16:57 B C:\Downloads\mbrweb\site\images\logo.gif --> ticket2ryder.com /mbrweb/site/images logo.gif
2011.04.25 16:57 B C:\Downloads\mbrweb\site\images\logo.jpg --> ticket2ryder.com /mbrweb/site/images logo.jpg
2011.04.25 16:57 B C:\Downloads\mbrweb\site\images\logo2.gif --> ticket2ryder.com /mbrweb/site/images logo2.gif
2011.04.25 16:57 B C:\Downloads\mbrweb\site\images\main-bg.jpg --> ticket2ryder.com /mbrweb/site/images main-bg.jpg
2011.04.25 16:57 B C:\Downloads\mbrweb\site\images\malice-small.jpg --> ticket2ryder.com /mbrweb/site/images malice-small.jpg
2011.04.25 16:57 B C:\Downloads\mbrweb\site\images\mic-small.gif --> ticket2ryder.com /mbrweb/site/images mic-small.gif
2011.04.25 16:57 B C:\Downloads\mbrweb\site\images\mic.gif --> ticket2ryder.com /mbrweb/site/images mic.gif
2011.04.25 16:57 B C:\Downloads\mbrweb\site\images\mic.png --> ticket2ryder.com /mbrweb/site/images mic.png
2011.04.25 16:57 B C:\Downloads\mbrweb\site\images\montage-a.jpg --> ticket2ryder.com /mbrweb/site/images montage-a.jpg
2011.04.25 16:57 B C:\Downloads\mbrweb\site\images\montage-b.jpg --> ticket2ryder.com /mbrweb/site/images montage-b.jpg
2011.04.25 16:57 B C:\Downloads\mbrweb\site\images\montage-c.jpg --> ticket2ryder.com /mbrweb/site/images montage-c.jpg
2011.04.25 16:57 B C:\Downloads\mbrweb\site\images\montage.jpg --> ticket2ryder.com /mbrweb/site/images montage.jpg
2011.04.25 16:57 B C:\Downloads\mbrweb\site\images\nav-bg.gif --> ticket2ryder.com /mbrweb/site/images nav-bg.gif
2011.04.25 16:57 B C:\Downloads\mbrweb\site\images\next-act.gif --> ticket2ryder.com /mbrweb/site/images next-act.gif
2011.04.25 16:57 B C:\Downloads\mbrweb\site\images\next-sprite.gif --> ticket2ryder.com /mbrweb/site/images next-sprite.gif
2011.04.25 16:57 B C:\Downloads\mbrweb\site\images\open-book-s.jpg --> ticket2ryder.com /mbrweb/site/images open-book-s.jpg
2011.04.25 16:57 B C:\Downloads\mbrweb\site\images\open-book.jpg --> ticket2ryder.com /mbrweb/site/images open-book.jpg
2011.04.25 16:57 B C:\Downloads\mbrweb\site\images\prev-sprite.gif --> ticket2ryder.com /mbrweb/site/images prev-sprite.gif
2011.04.25 16:57 B C:\Downloads\mbrweb\site\images\prev.gif --> ticket2ryder.com /mbrweb/site/images prev.gif
2011.04.25 16:57 B C:\Downloads\mbrweb\site\images\preview1-act.jpg --> ticket2ryder.com /mbrweb/site/images preview1-act.jpg
2011.04.25 16:57 B C:\Downloads\mbrweb\site\images\preview1.jpg --> ticket2ryder.com /mbrweb/site/images preview1.jpg
2011.04.25 16:57 B C:\Downloads\mbrweb\site\images\preview2-actx.jpg --> ticket2ryder.com /mbrweb/site/images preview2-actx.jpg
2011.04.25 16:57 B C:\Downloads\mbrweb\site\images\preview2x.jpg --> ticket2ryder.com /mbrweb/site/images preview2x.jpg
2011.04.25 16:57 B C:\Downloads\mbrweb\site\images\preview3-act.jpg --> ticket2ryder.com /mbrweb/site/images preview3-act.jpg
2011.04.25 16:57 B C:\Downloads\mbrweb\site\images\preview3.jpg --> ticket2ryder.com /mbrweb/site/images preview3.jpg
2011.04.25 16:57 B C:\Downloads\mbrweb\site\images\rhalf.jpg --> ticket2ryder.com /mbrweb/site/images rhalf.jpg
2011.04.25 16:57 B C:\Downloads\mbrweb\site\images\scroll.gif --> ticket2ryder.com /mbrweb/site/images scroll.gif
2011.04.25 16:57 B C:\Downloads\mbrweb\site\images\slider-bg.jpg --> ticket2ryder.com /mbrweb/site/images slider-bg.jpg
2011.04.25 16:57 B C:\Downloads\mbrweb\site\images\sm-logo1.gif --> ticket2ryder.com /mbrweb/site/images sm-logo1.gif
2011.04.25 16:57 B C:\Downloads\mbrweb\site\images\sm-logo2.gif --> ticket2ryder.com /mbrweb/site/images sm-logo2.gif
2011.04.25 16:57 B C:\Downloads\mbrweb\site\images\sm-logo3.gif --> ticket2ryder.com /mbrweb/site/images sm-logo3.gif
2011.04.25 16:57 B C:\Downloads\mbrweb\site\images\sm-logo4.gif --> ticket2ryder.com /mbrweb/site/images sm-logo4.gif
2011.04.25 16:57 B C:\Downloads\mbrweb\site\images\sm-logo5.gif --> ticket2ryder.com /mbrweb/site/images sm-logo5.gif
2011.04.25 16:57 B C:\Downloads\mbrweb\site\images\welcome.gif --> ticket2ryder.com /mbrweb/site/images welcome.gif
