2011.04.21 13:41 B C:\Downloads\brweb\sources\clipart_library\fonts_for_clipart_library\adbecnd.ttf --> ticket2ryder.com /sources/clipart_library/fonts_for_clipart_library adbecnd.ttf
2011.04.21 13:41 B C:\Downloads\brweb\sources\clipart_library\fonts_for_clipart_library\adbnorm.ttf --> ticket2ryder.com /sources/clipart_library/fonts_for_clipart_library adbnorm.ttf
2011.04.21 13:41 B C:\Downloads\brweb\sources\clipart_library\fonts_for_clipart_library\HE__H___.PFB --> ticket2ryder.com /sources/clipart_library/fonts_for_clipart_library HE__H___.PFB
2011.04.21 13:41 B C:\Downloads\brweb\sources\clipart_library\fonts_for_clipart_library\HE__H___.PFM --> ticket2ryder.com /sources/clipart_library/fonts_for_clipart_library HE__H___.PFM
2011.04.21 13:41 B C:\Downloads\brweb\sources\clipart_library\fonts_for_clipart_library\HE__H___.TTF --> ticket2ryder.com /sources/clipart_library/fonts_for_clipart_library HE__H___.TTF
2011.04.21 13:41 B C:\Downloads\brweb\sources\clipart_library\fonts_for_clipart_library\HE__H__O.PFB --> ticket2ryder.com /sources/clipart_library/fonts_for_clipart_library HE__H__O.PFB
2011.04.21 13:41 B C:\Downloads\brweb\sources\clipart_library\fonts_for_clipart_library\HE__H__O.PFM --> ticket2ryder.com /sources/clipart_library/fonts_for_clipart_library HE__H__O.PFM
2011.04.21 13:41 B C:\Downloads\brweb\sources\clipart_library\fonts_for_clipart_library\HE__H__O.TTF --> ticket2ryder.com /sources/clipart_library/fonts_for_clipart_library HE__H__O.TTF
2011.04.21 13:41 B C:\Downloads\brweb\sources\clipart_library\fonts_for_clipart_library\index.html --> ticket2ryder.com /sources/clipart_library/fonts_for_clipart_library index.html
2011.04.21 13:41 B C:\Downloads\brweb\sources\clipart_library\fonts_for_clipart_library\magistbc.PFB --> ticket2ryder.com /sources/clipart_library/fonts_for_clipart_library magistbc.PFB
2011.04.21 13:41 B C:\Downloads\brweb\sources\clipart_library\fonts_for_clipart_library\magistbc.pfm --> ticket2ryder.com /sources/clipart_library/fonts_for_clipart_library magistbc.pfm
2011.04.21 13:41 B C:\Downloads\brweb\sources\clipart_library\fonts_for_clipart_library\MGBLACK.TTF --> ticket2ryder.com /sources/clipart_library/fonts_for_clipart_library MGBLACK.TTF
2011.04.21 13:41 B C:\Downloads\brweb\sources\clipart_library\fonts_for_clipart_library\MyriadPro-BoldCond.otf --> ticket2ryder.com /sources/clipart_library/fonts_for_clipart_library MyriadPro-BoldCond.otf
2011.04.25 16:58 B C:\Downloads\mbrweb\sources\clipart_library\fonts_for_clipart_library\adbecnd.ttf --> ticket2ryder.com /mbrweb/sources/clipart_library/fonts_for_clipart_library adbecnd.ttf
2011.04.25 16:58 B C:\Downloads\mbrweb\sources\clipart_library\fonts_for_clipart_library\adbnorm.ttf --> ticket2ryder.com /mbrweb/sources/clipart_library/fonts_for_clipart_library adbnorm.ttf
2011.04.25 16:58 B C:\Downloads\mbrweb\sources\clipart_library\fonts_for_clipart_library\HE__H___.PFB --> ticket2ryder.com /mbrweb/sources/clipart_library/fonts_for_clipart_library HE__H___.PFB
2011.04.25 16:58 B C:\Downloads\mbrweb\sources\clipart_library\fonts_for_clipart_library\HE__H___.PFM --> ticket2ryder.com /mbrweb/sources/clipart_library/fonts_for_clipart_library HE__H___.PFM
2011.04.25 16:58 B C:\Downloads\mbrweb\sources\clipart_library\fonts_for_clipart_library\HE__H___.TTF --> ticket2ryder.com /mbrweb/sources/clipart_library/fonts_for_clipart_library HE__H___.TTF
2011.04.25 16:58 B C:\Downloads\mbrweb\sources\clipart_library\fonts_for_clipart_library\HE__H__O.PFB --> ticket2ryder.com /mbrweb/sources/clipart_library/fonts_for_clipart_library HE__H__O.PFB
2011.04.25 16:58 B C:\Downloads\mbrweb\sources\clipart_library\fonts_for_clipart_library\HE__H__O.PFM --> ticket2ryder.com /mbrweb/sources/clipart_library/fonts_for_clipart_library HE__H__O.PFM
2011.04.25 16:58 B C:\Downloads\mbrweb\sources\clipart_library\fonts_for_clipart_library\HE__H__O.TTF --> ticket2ryder.com /mbrweb/sources/clipart_library/fonts_for_clipart_library HE__H__O.TTF
2011.04.25 16:58 B C:\Downloads\mbrweb\sources\clipart_library\fonts_for_clipart_library\index.html --> ticket2ryder.com /mbrweb/sources/clipart_library/fonts_for_clipart_library index.html
2011.04.25 16:58 B C:\Downloads\mbrweb\sources\clipart_library\fonts_for_clipart_library\magistbc.PFB --> ticket2ryder.com /mbrweb/sources/clipart_library/fonts_for_clipart_library magistbc.PFB
2011.04.25 16:58 B C:\Downloads\mbrweb\sources\clipart_library\fonts_for_clipart_library\magistbc.pfm --> ticket2ryder.com /mbrweb/sources/clipart_library/fonts_for_clipart_library magistbc.pfm
2011.04.25 16:58 B C:\Downloads\mbrweb\sources\clipart_library\fonts_for_clipart_library\MGBLACK.TTF --> ticket2ryder.com /mbrweb/sources/clipart_library/fonts_for_clipart_library MGBLACK.TTF
2011.04.25 16:58 B C:\Downloads\mbrweb\sources\clipart_library\fonts_for_clipart_library\MyriadPro-BoldCond.otf --> ticket2ryder.com /mbrweb/sources/clipart_library/fonts_for_clipart_library MyriadPro-BoldCond.otf
