2013.01.16 22:11 B C:\Users\ezryder\Desktop\portal_files\colorschememapping.xml --> ryderez.com /portal_files colorschememapping.xml
2013.01.16 22:11 B C:\Users\ezryder\Desktop\portal_files\filelist.xml --> ryderez.com /portal_files filelist.xml
2013.01.16 22:11 B C:\Users\ezryder\Desktop\portal_files\image001.png --> ryderez.com /portal_files image001.png
2013.01.16 22:11 B C:\Users\ezryder\Desktop\portal_files\image002.gif --> ryderez.com /portal_files image002.gif
2013.01.16 22:11 B C:\Users\ezryder\Desktop\portal_files\image003.png --> ryderez.com /portal_files image003.png
2013.01.16 22:12 B C:\Users\ezryder\Desktop\portal_files\image004.gif --> ryderez.com /portal_files image004.gif
2013.01.16 22:12 B C:\Users\ezryder\Desktop\portal_files\image005.png --> ryderez.com /portal_files image005.png
2013.01.16 22:12 B C:\Users\ezryder\Desktop\portal_files\image006.gif --> ryderez.com /portal_files image006.gif
2013.01.16 22:12 B C:\Users\ezryder\Desktop\portal_files\image007.png --> ryderez.com /portal_files image007.png
2013.01.16 22:12 B C:\Users\ezryder\Desktop\portal_files\image008.gif --> ryderez.com /portal_files image008.gif
2013.01.16 22:12 B C:\Users\ezryder\Desktop\portal_files\image009.png --> ryderez.com /portal_files image009.png
2013.01.16 22:12 B C:\Users\ezryder\Desktop\portal_files\image010.gif --> ryderez.com /portal_files image010.gif
2013.01.16 22:12 B C:\Users\ezryder\Desktop\portal_files\image011.png --> ryderez.com /portal_files image011.png
2013.01.16 22:12 B C:\Users\ezryder\Desktop\portal_files\image012.gif --> ryderez.com /portal_files image012.gif
2013.01.16 22:12 B C:\Users\ezryder\Desktop\portal_files\image013.png --> ryderez.com /portal_files image013.png
2013.01.16 22:12 B C:\Users\ezryder\Desktop\portal_files\image014.gif --> ryderez.com /portal_files image014.gif
2013.01.16 22:12 B C:\Users\ezryder\Desktop\portal_files\image015.png --> ryderez.com /portal_files image015.png
2013.01.16 22:12 B C:\Users\ezryder\Desktop\portal_files\image016.gif --> ryderez.com /portal_files image016.gif
2013.01.16 22:12 B C:\Users\ezryder\Desktop\portal_files\image017.png --> ryderez.com /portal_files image017.png
2013.01.16 22:12 B C:\Users\ezryder\Desktop\portal_files\image018.gif --> ryderez.com /portal_files image018.gif
2013.01.16 22:12 B C:\Users\ezryder\Desktop\portal_files\image019.png --> ryderez.com /portal_files image019.png
2013.01.16 22:12 B C:\Users\ezryder\Desktop\portal_files\image020.gif --> ryderez.com /portal_files image020.gif
2013.01.16 22:12 B C:\Users\ezryder\Desktop\portal_files\image021.png --> ryderez.com /portal_files image021.png
2013.01.16 22:12 B C:\Users\ezryder\Desktop\portal_files\image022.gif --> ryderez.com /portal_files image022.gif
2013.01.16 22:12 B C:\Users\ezryder\Desktop\portal_files\image023.png --> ryderez.com /portal_files image023.png
2013.01.16 22:12 B C:\Users\ezryder\Desktop\portal_files\image024.gif --> ryderez.com /portal_files image024.gif
2013.01.16 22:12 B C:\Users\ezryder\Desktop\portal_files\image025.png --> ryderez.com /portal_files image025.png
2013.01.16 22:12 B C:\Users\ezryder\Desktop\portal_files\image026.gif --> ryderez.com /portal_files image026.gif
2013.01.16 22:12 B C:\Users\ezryder\Desktop\portal_files\image027.png --> ryderez.com /portal_files image027.png
2013.01.16 22:12 B C:\Users\ezryder\Desktop\portal_files\image028.gif --> ryderez.com /portal_files image028.gif
2013.01.16 22:12 B C:\Users\ezryder\Desktop\portal_files\image029.png --> ryderez.com /portal_files image029.png
2013.01.16 22:12 B C:\Users\ezryder\Desktop\portal_files\image030.gif --> ryderez.com /portal_files image030.gif
2013.01.16 22:12 B C:\Users\ezryder\Desktop\portal_files\themedata.thmx --> ryderez.com /portal_files themedata.thmx
2013.01.18 13:11 B C:\Users\ezryder\Desktop\portal_files\colorschememapping.xml --> ryderez.com /portal_files colorschememapping.xml
2013.01.18 13:11 B C:\Users\ezryder\Desktop\portal_files\filelist.xml --> ryderez.com /portal_files filelist.xml
2013.01.18 13:11 B C:\Users\ezryder\Desktop\portal_files\image031.png --> ryderez.com /portal_files image031.png
2013.01.18 13:11 B C:\Users\ezryder\Desktop\portal_files\image032.gif --> ryderez.com /portal_files image032.gif
2013.01.18 13:11 B C:\Users\ezryder\Desktop\portal_files\image033.png --> ryderez.com /portal_files image033.png
2013.01.18 13:11 B C:\Users\ezryder\Desktop\portal_files\image034.gif --> ryderez.com /portal_files image034.gif
2013.01.18 13:11 B C:\Users\ezryder\Desktop\portal_files\image035.png --> ryderez.com /portal_files image035.png
2013.01.18 13:11 B C:\Users\ezryder\Desktop\portal_files\image036.gif --> ryderez.com /portal_files image036.gif
2013.01.18 13:11 B C:\Users\ezryder\Desktop\portal_files\image037.png --> ryderez.com /portal_files image037.png
2013.01.18 13:11 B C:\Users\ezryder\Desktop\portal_files\image038.gif --> ryderez.com /portal_files image038.gif
2013.01.18 13:11 B C:\Users\ezryder\Desktop\portal_files\image039.png --> ryderez.com /portal_files image039.png
2013.01.18 13:11 B C:\Users\ezryder\Desktop\portal_files\image040.gif --> ryderez.com /portal_files image040.gif
2013.01.18 13:11 B C:\Users\ezryder\Desktop\portal_files\image041.png --> ryderez.com /portal_files image041.png
2013.01.18 13:11 B C:\Users\ezryder\Desktop\portal_files\image042.gif --> ryderez.com /portal_files image042.gif
2013.01.18 13:11 B C:\Users\ezryder\Desktop\portal_files\image043.png --> ryderez.com /portal_files image043.png
2013.01.18 13:11 B C:\Users\ezryder\Desktop\portal_files\image044.gif --> ryderez.com /portal_files image044.gif
2013.01.18 13:11 B C:\Users\ezryder\Desktop\portal_files\image045.png --> ryderez.com /portal_files image045.png
2013.01.18 13:11 B C:\Users\ezryder\Desktop\portal_files\image046.gif --> ryderez.com /portal_files image046.gif
2013.01.18 13:11 B C:\Users\ezryder\Desktop\portal_files\image047.png --> ryderez.com /portal_files image047.png
2013.01.18 13:11 B C:\Users\ezryder\Desktop\portal_files\image048.gif --> ryderez.com /portal_files image048.gif
2013.01.18 13:11 B C:\Users\ezryder\Desktop\portal_files\image049.png --> ryderez.com /portal_files image049.png
2013.01.18 13:11 B C:\Users\ezryder\Desktop\portal_files\image050.gif --> ryderez.com /portal_files image050.gif
2013.01.18 13:11 B C:\Users\ezryder\Desktop\portal_files\image051.png --> ryderez.com /portal_files image051.png
2013.01.18 13:11 B C:\Users\ezryder\Desktop\portal_files\image052.gif --> ryderez.com /portal_files image052.gif
2013.01.18 13:11 B C:\Users\ezryder\Desktop\portal_files\image053.png --> ryderez.com /portal_files image053.png
2013.01.18 13:11 B C:\Users\ezryder\Desktop\portal_files\image054.gif --> ryderez.com /portal_files image054.gif
2013.01.18 13:11 B C:\Users\ezryder\Desktop\portal_files\image055.png --> ryderez.com /portal_files image055.png
2013.01.18 13:11 B C:\Users\ezryder\Desktop\portal_files\image056.gif --> ryderez.com /portal_files image056.gif
2013.01.18 13:11 B C:\Users\ezryder\Desktop\portal_files\image057.png --> ryderez.com /portal_files image057.png
2013.01.18 13:11 B C:\Users\ezryder\Desktop\portal_files\image058.gif --> ryderez.com /portal_files image058.gif
2013.01.18 13:11 B C:\Users\ezryder\Desktop\portal_files\image059.png --> ryderez.com /portal_files image059.png
2013.01.18 13:11 B C:\Users\ezryder\Desktop\portal_files\image060.gif --> ryderez.com /portal_files image060.gif
2013.01.18 13:11 B C:\Users\ezryder\Desktop\portal_files\themedata.thmx --> ryderez.com /portal_files themedata.thmx
